Incoming request: GET /health at 2025-12-17T11:10:13.306Z
Incoming request: POST /user/login at 2025-12-17T11:10:51.477Z
Incoming request: POST /user/login at 2025-12-17T11:13:40.513Z
Incoming request: GET /main.c9653be2eb474873720a.hot-update.json at 2025-12-17T11:15:17.284Z
Incoming request: GET / at 2025-12-17T11:15:17.323Z
Incoming request: POST /user/login at 2025-12-17T11:16:03.153Z
Hit login route inside user.routes.js. Path: /login
Incoming request: GET / at 2025-12-17T11:16:22.707Z
Incoming request: GET / at 2025-12-17T11:17:40.609Z
Incoming request: POST /user/login at 2025-12-17T11:19:59.641Z
Hit login route inside user.routes.js. Path: /login
Incoming request: POST /user/onboard at 2025-12-17T11:21:28.982Z
Incoming request: GET /.well-known/appspecific/com.chrome.devtools.json at 2025-12-17T11:24:05.882Z
Incoming request: GET /static/js/bundle.js.map at 2025-12-17T11:24:05.899Z
Incoming request: POST /user/login at 2025-12-17T11:24:33.557Z
Incoming request: POST /user/login at 2025-12-17T11:28:15.764Z
Incoming request: POST /user/login at 2025-12-17T11:30:38.665Z
Incoming request: POST /user/login at 2025-12-17T11:30:57.245Z
Incoming request: POST /user/login at 2025-12-17T11:33:16.765Z
Incoming request: GET /todo/list at 2025-12-17T11:33:17.011Z
Incoming request: GET /todo/list at 2025-12-17T11:33:17.121Z
Incoming request: GET /todo/list at 2025-12-17T11:37:36.744Z
Incoming request: GET /todo/list at 2025-12-17T11:37:53.411Z
Incoming request: GET /todo/list at 2025-12-17T11:37:53.527Z
Incoming request: GET /todo/list at 2025-12-17T11:38:22.101Z
Incoming request: POST /user/login at 2025-12-17T11:38:26.500Z
Incoming request: GET /todo/list at 2025-12-17T11:38:38.463Z
Incoming request: GET /todo/list at 2025-12-17T11:41:54.453Z
Incoming request: GET /todo/list at 2025-12-17T11:42:01.250Z
Incoming request: GET /todo/list at 2025-12-17T11:42:01.365Z
Incoming request: GET /todo/list at 2025-12-17T11:46:43.824Z
Incoming request: DELETE /todo/delete/68c0121e03e6a6043ecef791?action=bin at 2025-12-17T11:52:49.690Z
Incoming request: PUT /todo/update/68c0121e03e6a6043ecef791 at 2025-12-17T11:53:05.823Z
Incoming request: DELETE /todo/delete/692d8bb31d00f6a73b4d64b4?action=bin at 2025-12-17T11:53:11.404Z
Incoming request: DELETE /todo/delete/692edbb40c1b11ffaaf535c0?action=bin at 2025-12-17T11:54:02.143Z
Incoming request: GET /todo/list at 2025-12-17T11:57:54.721Z
Incoming request: DELETE /todo/delete/68c0121e03e6a6043ecef791?action=bin at 2025-12-17T11:58:38.606Z
Incoming request: GET /todo/list at 2025-12-17T11:58:38.804Z
Incoming request: PUT /todo/update/692d719f2a8597307e7c4481 at 2025-12-17T11:59:10.684Z
Incoming request: GET /todo/list at 2025-12-17T11:59:10.804Z
Incoming request: GET /todo/list at 2025-12-17T11:59:19.231Z
Incoming request: GET /todo/list at 2025-12-17T11:59:19.386Z
Incoming request: GET /user/me at 2025-12-17T12:05:22.702Z
Incoming request: GET /user/me at 2025-12-17T12:09:05.934Z
Incoming request: GET /user/me at 2025-12-17T12:09:06.035Z
Incoming request: GET /label/list at 2025-12-17T12:09:42.459Z
Incoming request: GET /user/me at 2025-12-17T12:21:06.044Z
Incoming request: GET /user/me at 2025-12-17T12:21:06.160Z
Incoming request: PUT /todo/update/693f8684ba0d20c9785508e2 at 2025-12-17T12:21:43.559Z
Incoming request: GET /todo/list at 2025-12-17T12:21:43.693Z
Incoming request: PUT /todo/update/693f8684ba0d20c9785508e2 at 2025-12-17T12:24:19.117Z
Incoming request: GET /todo/list at 2025-12-17T12:24:19.211Z
Incoming request: PUT /todo/update/692edbb40c1b11ffaaf535c0 at 2025-12-17T12:27:55.478Z
Incoming request: GET /todo/list at 2025-12-17T12:27:55.574Z
Incoming request: PUT /todo/update/693f8684ba0d20c9785508e2 at 2025-12-17T12:28:11.098Z
Incoming request: GET /todo/list at 2025-12-17T12:28:11.246Z
Incoming request: GET /todo/list at 2025-12-17T12:31:35.252Z
Incoming request: PUT /todo/update/692edbb40c1b11ffaaf535c0 at 2025-12-17T12:32:25.644Z
Incoming request: GET /todo/list at 2025-12-17T12:32:25.740Z
Incoming request: PUT /todo/update/692edbb40c1b11ffaaf535c0 at 2025-12-17T12:33:31.453Z
Incoming request: PUT /todo/update/692edbb40c1b11ffaaf535c0 at 2025-12-17T12:33:32.143Z
Incoming request: GET /todo/list at 2025-12-17T12:33:35.109Z
Incoming request: GET /todo/list at 2025-12-17T12:33:35.113Z
Incoming request: GET /todo/list at 2025-12-17T12:33:39.305Z
Incoming request: GET /todo/list at 2025-12-17T12:33:39.310Z
Incoming request: GET /todo/list at 2025-12-17T12:33:44.188Z
Incoming request: GET /todo/list at 2025-12-17T12:33:44.195Z
Incoming request: POST /user/login at 2025-12-17T12:33:57.682Z
Incoming request: GET /todo/list at 2025-12-17T12:33:57.962Z
Incoming request: GET /todo/list at 2025-12-17T12:33:58.147Z
Incoming request: PUT /todo/update/692edbb40c1b11ffaaf535c0 at 2025-12-17T12:34:26.634Z
Incoming request: GET /todo/list at 2025-12-17T12:34:26.733Z
Incoming request: PUT /todo/update/692edbb40c1b11ffaaf535c0 at 2025-12-17T12:34:28.292Z
Incoming request: GET /todo/list at 2025-12-17T12:34:28.490Z
Incoming request: PUT /todo/update/692edbb40c1b11ffaaf535c0 at 2025-12-17T12:34:42.444Z
Incoming request: GET /todo/list at 2025-12-17T12:34:42.533Z
Incoming request: PUT /todo/update/693f8684ba0d20c9785508e2 at 2025-12-17T12:37:26.316Z
Incoming request: GET /todo/list at 2025-12-17T12:37:26.411Z
Incoming request: PUT /todo/update/693f8684ba0d20c9785508e2 at 2025-12-17T12:37:28.389Z
Incoming request: GET /todo/list at 2025-12-17T12:37:28.487Z
Incoming request: PUT /todo/update/693f8684ba0d20c9785508e2 at 2025-12-17T12:37:32.125Z
Incoming request: GET /todo/list at 2025-12-17T12:37:32.208Z
Incoming request: PUT /todo/update/693f8684ba0d20c9785508e2 at 2025-12-17T12:37:32.857Z
Incoming request: GET /todo/list at 2025-12-17T12:37:32.979Z
Incoming request: GET /todo/list at 2025-12-17T12:40:09.508Z
Incoming request: PUT /todo/update/692d8bd21d00f6a73b4d64b6 at 2025-12-17T12:41:53.511Z
Incoming request: GET /todo/list at 2025-12-17T12:41:53.626Z
Incoming request: PUT /todo/update/692d8bd21d00f6a73b4d64b6 at 2025-12-17T12:41:54.844Z
Incoming request: GET /todo/list at 2025-12-17T12:41:54.952Z
Incoming request: PUT /todo/update/692d8bd21d00f6a73b4d64b6 at 2025-12-17T12:42:26.396Z
Incoming request: GET /todo/list at 2025-12-17T12:42:26.492Z
Incoming request: GET /todo/list at 2025-12-17T12:44:00.534Z
Incoming request: PUT /todo/update/692edbb40c1b11ffaaf535c0 at 2025-12-17T12:51:06.230Z
Incoming request: GET /todo/list at 2025-12-17T12:51:06.343Z
Incoming request: GET /user/me at 2025-12-17T12:55:36.727Z
Incoming request: GET /user/me at 2025-12-17T12:55:36.808Z
Incoming request: POST /user/login at 2025-12-17T12:59:25.298Z
Incoming request: POST /user/login at 2025-12-17T12:59:35.240Z
Incoming request: GET /todo/list at 2025-12-17T12:59:35.503Z
Incoming request: GET /todo/list at 2025-12-17T12:59:35.712Z
Incoming request: POST /user/login at 2025-12-17T15:22:29.644Z
Incoming request: GET /todo/list at 2025-12-17T15:22:30.267Z
Incoming request: GET /todo/list at 2025-12-17T15:22:31.737Z
Incoming request: GET /user/me at 2025-12-17T15:22:41.918Z
Incoming request: GET /user/me at 2025-12-17T15:22:42.328Z
Incoming request: PUT /todo/update/692d8bd21d00f6a73b4d64b6 at 2025-12-17T15:26:25.205Z
Incoming request: GET /todo/list at 2025-12-17T15:26:26.011Z
Incoming request: PUT /todo/update/692d8bd21d00f6a73b4d64b6 at 2025-12-17T15:26:35.270Z
Incoming request: GET /todo/list at 2025-12-17T15:26:35.567Z
Incoming request: PUT /todo/update/693f8684ba0d20c9785508e2 at 2025-12-17T15:47:27.571Z
Incoming request: GET /todo/list at 2025-12-17T15:47:28.247Z
Incoming request: POST /user/login at 2025-12-18T10:26:00.029Z
Incoming request: GET /todo/list at 2025-12-18T10:26:00.253Z
Incoming request: GET /todo/list at 2025-12-18T10:26:00.447Z
Incoming request: GET /todo/list at 2025-12-18T10:36:23.356Z
Incoming request: GET /todo/list at 2025-12-18T10:37:17.297Z
Incoming request: PUT /todo/update/692edbb40c1b11ffaaf535c0 at 2025-12-18T10:38:50.147Z
Incoming request: GET /todo/list at 2025-12-18T10:38:50.278Z
Incoming request: PUT /todo/update/692edbb40c1b11ffaaf535c0 at 2025-12-18T10:38:51.515Z
Incoming request: GET /todo/list at 2025-12-18T10:38:51.626Z
Incoming request: GET /todo/list at 2025-12-18T11:34:34.447Z
Incoming request: GET /todo/list at 2025-12-18T11:34:34.462Z
Incoming request: GET /todo/list at 2025-12-18T11:34:40.816Z
Incoming request: GET /todo/list at 2025-12-18T11:34:40.820Z
Incoming request: GET /todo/list at 2025-12-18T11:34:45.917Z
Incoming request: GET /todo/list at 2025-12-18T11:34:45.922Z
Incoming request: POST /user/login at 2025-12-18T11:34:58.076Z
Incoming request: POST /user/login at 2025-12-18T11:35:04.146Z
Incoming request: GET /todo/list at 2025-12-18T11:35:04.349Z
Incoming request: GET /todo/list at 2025-12-18T11:35:04.490Z
Incoming request: GET /todo/list at 2025-12-18T11:37:03.310Z
Incoming request: GET /label/list at 2025-12-18T11:37:03.320Z
Incoming request: GET /todo/list at 2025-12-18T11:37:32.361Z
Incoming request: GET /label/list at 2025-12-18T11:37:32.369Z
Incoming request: PUT /todo/update/693f8684ba0d20c9785508e2 at 2025-12-18T11:39:27.921Z
Incoming request: GET /todo/list at 2025-12-18T11:39:28.050Z
Incoming request: PUT /todo/update/693f8684ba0d20c9785508e2 at 2025-12-18T11:39:29.626Z
Incoming request: GET /todo/list at 2025-12-18T11:39:29.722Z
Incoming request: PUT /todo/update/693f8684ba0d20c9785508e2 at 2025-12-18T11:39:33.765Z
Incoming request: GET /todo/list at 2025-12-18T11:39:33.833Z
Incoming request: PUT /todo/update/693f8684ba0d20c9785508e2 at 2025-12-18T11:39:35.292Z
Incoming request: GET /todo/list at 2025-12-18T11:39:35.362Z
Incoming request: PUT /todo/update/693f8684ba0d20c9785508e2 at 2025-12-18T11:39:40.125Z
Incoming request: GET /todo/list at 2025-12-18T11:39:40.234Z
Incoming request: PUT /todo/update/693f8684ba0d20c9785508e2 at 2025-12-18T11:39:43.306Z
Incoming request: GET /todo/list at 2025-12-18T11:39:43.390Z
Incoming request: PUT /todo/update/692edbb40c1b11ffaaf535c0 at 2025-12-18T11:41:53.635Z
Incoming request: GET /todo/list at 2025-12-18T11:41:53.715Z
Incoming request: PUT /todo/update/692edbb40c1b11ffaaf535c0 at 2025-12-18T11:42:00.090Z
Incoming request: GET /todo/list at 2025-12-18T11:42:00.198Z
Incoming request: GET /todo/list at 2025-12-18T11:42:01.375Z
Incoming request: GET /label/list at 2025-12-18T11:42:01.384Z
Incoming request: PUT /todo/update/692eb39af30a8626e4526e81 at 2025-12-18T11:43:23.288Z
Incoming request: GET /todo/list at 2025-12-18T11:43:23.367Z
Incoming request: PUT /todo/update/692eb39af30a8626e4526e81 at 2025-12-18T11:43:24.615Z
Incoming request: GET /todo/list at 2025-12-18T11:43:24.763Z
Incoming request: PUT /todo/update/692eb39af30a8626e4526e81 at 2025-12-18T11:43:28.990Z
Incoming request: GET /todo/list at 2025-12-18T11:43:29.196Z
Incoming request: PUT /todo/update/692eb39af30a8626e4526e81 at 2025-12-18T11:43:31.197Z
Incoming request: GET /todo/list at 2025-12-18T11:43:31.266Z
Incoming request: GET /user/me at 2025-12-18T11:44:46.422Z
Incoming request: GET /user/me at 2025-12-18T11:44:46.514Z
Incoming request: GET /user/me at 2025-12-18T11:45:18.635Z
Incoming request: GET /user/me at 2025-12-18T11:45:18.697Z
Incoming request: DELETE /todo/delete/69368cf2aa8491303760e4f1?action=restore at 2025-12-18T11:46:32.866Z
Incoming request: GET /todo/list at 2025-12-18T11:46:33.023Z
Incoming request: PUT /todo/update/69368cf2aa8491303760e4f1 at 2025-12-18T11:46:44.656Z
Incoming request: GET /todo/list at 2025-12-18T11:46:44.753Z
Incoming request: PUT /todo/update/69368cf2aa8491303760e4f1 at 2025-12-18T11:46:45.987Z
Incoming request: GET /todo/list at 2025-12-18T11:46:46.052Z
Incoming request: PUT /todo/update/693f8684ba0d20c9785508e2 at 2025-12-18T11:48:37.824Z
Incoming request: GET /todo/list at 2025-12-18T11:48:37.898Z
Incoming request: PUT /todo/update/693f8684ba0d20c9785508e2 at 2025-12-18T11:48:38.865Z
Incoming request: GET /todo/list at 2025-12-18T11:48:38.952Z
Incoming request: GET /todo/list at 2025-12-18T11:48:44.602Z
Incoming request: GET /label/list at 2025-12-18T11:48:44.615Z
Incoming request: GET /label/list at 2025-12-18T11:48:44.691Z
Incoming request: GET /todo/list at 2025-12-18T11:48:44.756Z
Incoming request: GET /user/me at 2025-12-18T11:50:47.788Z
Incoming request: GET /user/me at 2025-12-18T11:50:47.867Z
Incoming request: GET /user/me at 2025-12-18T11:51:13.165Z
Incoming request: GET /user/me at 2025-12-18T11:51:13.240Z
Incoming request: GET /user/me at 2025-12-18T11:51:33.563Z
Incoming request: GET /user/me at 2025-12-18T11:51:33.621Z
Incoming request: GET /user/me at 2025-12-18T11:53:26.966Z
Incoming request: GET /user/me at 2025-12-18T11:53:27.051Z
Incoming request: GET /todo/list at 2025-12-18T11:54:57.317Z
Incoming request: GET /label/list at 2025-12-18T11:54:57.322Z
Incoming request: GET /user/me at 2025-12-18T11:55:58.255Z
Incoming request: GET /user/me at 2025-12-18T11:55:58.311Z
Incoming request: GET /todo/list at 2025-12-18T11:56:05.751Z
Incoming request: GET /label/list at 2025-12-18T11:56:05.754Z
Incoming request: GET /label/list at 2025-12-18T11:56:05.841Z
Incoming request: GET /todo/list at 2025-12-18T11:56:05.909Z
Incoming request: GET /todo/list at 2025-12-18T11:57:26.982Z
Incoming request: GET /label/list at 2025-12-18T11:57:27.000Z
Incoming request: POST /label/create at 2025-12-18T11:58:20.404Z
Incoming request: POST /label/create at 2025-12-18T11:58:22.884Z
Incoming request: POST /label/create at 2025-12-18T11:58:24.923Z
Incoming request: POST /label/create at 2025-12-18T11:58:26.517Z
Incoming request: PUT /todo/update/693f8684ba0d20c9785508e2 at 2025-12-18T11:59:33.722Z
Incoming request: GET /todo/list at 2025-12-18T11:59:33.810Z
Incoming request: DELETE /todo/delete/68c0121e03e6a6043ecef791?action=restore at 2025-12-18T11:59:44.108Z
Incoming request: GET /todo/list at 2025-12-18T11:59:44.238Z
Incoming request: GET /user/me at 2025-12-18T12:00:39.183Z
Incoming request: GET /user/me at 2025-12-18T12:00:39.266Z
Incoming request: POST /label/create at 2025-12-18T12:01:45.256Z
Incoming request: POST /label/create at 2025-12-18T12:01:48.370Z
Incoming request: POST /label/create at 2025-12-18T12:01:58.363Z
Incoming request: GET /todo/list at 2025-12-18T12:02:09.584Z
Incoming request: GET /label/list at 2025-12-18T12:02:09.589Z
Incoming request: GET /label/list at 2025-12-18T12:02:09.654Z
Incoming request: GET /todo/list at 2025-12-18T12:02:09.723Z
Incoming request: GET /todo/list at 2025-12-18T12:03:54.708Z
Incoming request: GET /label/list at 2025-12-18T12:03:54.728Z
Incoming request: POST /label/create at 2025-12-18T12:07:04.162Z
Incoming request: POST /label/create at 2025-12-18T12:07:07.837Z
Incoming request: GET /todo/list at 2025-12-18T12:07:40.363Z
Incoming request: GET /label/list at 2025-12-18T12:07:40.368Z
Incoming request: GET /label/list at 2025-12-18T12:07:40.431Z
Incoming request: GET /todo/list at 2025-12-18T12:07:40.495Z
Incoming request: POST /label/create at 2025-12-18T12:07:42.988Z
Incoming request: POST /label/create at 2025-12-18T12:07:54.320Z
Incoming request: PUT /todo/update/693f8684ba0d20c9785508e2 at 2025-12-18T12:07:54.333Z
Incoming request: GET /todo/list at 2025-12-18T12:07:54.428Z
Incoming request: GET /todo/list at 2025-12-18T12:10:15.431Z
Incoming request: GET /label/list at 2025-12-18T12:10:15.439Z
Incoming request: PUT /todo/update/693f8684ba0d20c9785508e2 at 2025-12-18T12:10:23.095Z
Incoming request: GET /todo/list at 2025-12-18T12:10:23.154Z
Incoming request: POST /label/create at 2025-12-18T12:10:25.209Z
Incoming request: POST /label/create at 2025-12-18T12:10:26.874Z
Incoming request: GET /todo/list at 2025-12-18T12:12:26.512Z
Incoming request: GET /label/list at 2025-12-18T12:12:26.516Z
Incoming request: GET /todo/list at 2025-12-18T12:12:40.294Z
Incoming request: GET /label/list at 2025-12-18T12:12:40.300Z
Incoming request: POST /label/create at 2025-12-18T12:12:58.678Z
Incoming request: POST /label/create at 2025-12-18T12:13:54.941Z
Incoming request: PUT /todo/update/68c0121e03e6a6043ecef791 at 2025-12-18T12:13:54.974Z
Incoming request: GET /label/list at 2025-12-18T12:13:55.119Z
Incoming request: GET /todo/list at 2025-12-18T12:13:55.182Z
Incoming request: POST /label/create at 2025-12-18T12:13:59.626Z
Incoming request: PUT /todo/update/68c0121e03e6a6043ecef791 at 2025-12-18T12:13:59.638Z
Incoming request: GET /label/list at 2025-12-18T12:13:59.699Z
Incoming request: GET /label/list at 2025-12-18T12:13:59.745Z
Incoming request: GET /todo/list at 2025-12-18T12:13:59.809Z
Incoming request: PUT /todo/update/68c0121e03e6a6043ecef791 at 2025-12-18T12:14:01.256Z
Incoming request: GET /label/list at 2025-12-18T12:14:01.308Z
Incoming request: GET /label/list at 2025-12-18T12:14:01.369Z
Incoming request: GET /label/list at 2025-12-18T12:14:01.444Z
Incoming request: GET /todo/list at 2025-12-18T12:14:01.497Z
Incoming request: PUT /todo/update/68c0121e03e6a6043ecef791 at 2025-12-18T12:14:02.021Z
Incoming request: GET /label/list at 2025-12-18T12:14:02.083Z
Incoming request: GET /label/list at 2025-12-18T12:14:02.137Z
Incoming request: GET /todo/list at 2025-12-18T12:14:02.205Z
Incoming request: PUT /todo/update/68c0121e03e6a6043ecef791 at 2025-12-18T12:14:02.473Z
Incoming request: GET /label/list at 2025-12-18T12:14:02.551Z
Incoming request: GET /label/list at 2025-12-18T12:14:02.609Z
Incoming request: GET /label/list at 2025-12-18T12:14:02.672Z
Incoming request: GET /todo/list at 2025-12-18T12:14:02.728Z
Incoming request: PUT /todo/update/68c0121e03e6a6043ecef791 at 2025-12-18T12:14:03.112Z
Incoming request: GET /label/list at 2025-12-18T12:14:03.168Z
Incoming request: GET /label/list at 2025-12-18T12:14:03.212Z
Incoming request: GET /todo/list at 2025-12-18T12:14:03.267Z
Incoming request: PUT /todo/update/68c0121e03e6a6043ecef791 at 2025-12-18T12:14:15.551Z
Incoming request: GET /label/list at 2025-12-18T12:14:15.620Z
Incoming request: GET /label/list at 2025-12-18T12:14:15.659Z
Incoming request: GET /todo/list at 2025-12-18T12:14:15.711Z
Incoming request: POST /label/create at 2025-12-18T12:15:47.335Z
Incoming request: POST /label/create at 2025-12-18T12:16:09.769Z
Incoming request: PUT /todo/update/693f8684ba0d20c9785508e2 at 2025-12-18T12:16:09.784Z
Incoming request: GET /label/list at 2025-12-18T12:16:09.855Z
Incoming request: GET /todo/list at 2025-12-18T12:16:09.916Z
Incoming request: PUT /todo/update/693f8684ba0d20c9785508e2 at 2025-12-18T12:16:12.311Z
Incoming request: GET /label/list at 2025-12-18T12:16:12.401Z
Incoming request: GET /todo/list at 2025-12-18T12:16:12.481Z
Incoming request: POST /label/create at 2025-12-18T12:19:42.117Z
Incoming request: POST /label/create at 2025-12-18T12:19:47.044Z
Incoming request: POST /label/create at 2025-12-18T12:22:00.250Z
Incoming request: POST /label/create at 2025-12-18T12:25:25.279Z
Incoming request: PUT /todo/update/693f8684ba0d20c9785508e2 at 2025-12-18T12:25:28.036Z
Incoming request: GET /todo/list at 2025-12-18T12:25:28.106Z
Incoming request: POST /label/create at 2025-12-18T12:26:01.924Z
Incoming request: POST /label/create at 2025-12-18T12:27:14.484Z
Incoming request: POST /label/create at 2025-12-18T12:27:37.608Z
Incoming request: POST /label/create at 2025-12-18T12:30:01.820Z
Incoming request: POST /label/create at 2025-12-18T12:31:19.783Z
Incoming request: DELETE /label/delete/0 at 2025-12-18T12:31:44.754Z
Incoming request: DELETE /label/delete/0 at 2025-12-18T12:31:50.528Z
Incoming request: PUT /label/update/0 at 2025-12-18T12:32:59.873Z
Incoming request: GET /todo/list at 2025-12-18T12:34:11.383Z
Incoming request: GET /label/list at 2025-12-18T12:34:11.402Z
Incoming request: POST /label/create at 2025-12-18T12:34:46.724Z
Incoming request: POST /label/create at 2025-12-18T12:34:53.388Z
Incoming request: POST /label/create at 2025-12-18T12:35:42.406Z
Incoming request: POST /user/login at 2025-12-18T12:36:00.872Z
Incoming request: POST /label/create at 2025-12-18T12:36:23.208Z
Incoming request: POST /label/create at 2025-12-18T12:37:17.515Z
Incoming request: GET /todo/list at 2025-12-18T12:37:24.212Z
Incoming request: GET /label/list at 2025-12-18T12:37:24.218Z
Incoming request: GET /todo/list at 2025-12-18T12:37:24.222Z
Incoming request: GET /label/list at 2025-12-18T12:37:24.226Z
Incoming request: POST /user/login at 2025-12-18T12:37:37.047Z
Incoming request: GET /todo/list at 2025-12-18T12:37:37.179Z
Incoming request: GET /label/list at 2025-12-18T12:37:37.185Z
Incoming request: GET /label/list at 2025-12-18T12:37:37.252Z
Incoming request: GET /todo/list at 2025-12-18T12:37:37.304Z
Incoming request: POST /label/create at 2025-12-18T12:37:43.049Z
Incoming request: GET /label/list at 2025-12-18T12:37:43.107Z
Incoming request: POST /label/create at 2025-12-18T12:38:23.226Z
Incoming request: GET /label/list at 2025-12-18T12:38:23.287Z
Incoming request: PUT /todo/update/69368cf2aa8491303760e4f1 at 2025-12-18T12:38:23.329Z
Incoming request: GET /label/list at 2025-12-18T12:38:23.413Z
Incoming request: POST /todo/add-label/69368cf2aa8491303760e4f1 at 2025-12-18T12:38:23.470Z
Incoming request: GET /todo/list at 2025-12-18T12:38:23.669Z
Incoming request: PUT /todo/update/69368cf2aa8491303760e4f1 at 2025-12-18T12:38:24.519Z
Incoming request: GET /todo/list at 2025-12-18T12:38:24.581Z
Incoming request: DELETE /label/delete/6943f5bf151ce184d3c1f3e3 at 2025-12-18T12:38:33.474Z
Incoming request: GET /label/list at 2025-12-18T12:38:33.543Z
Incoming request: GET /todo/list at 2025-12-18T12:38:33.597Z
Incoming request: DELETE /label/delete/6943f597151ce184d3c1f3e0 at 2025-12-18T12:38:37.628Z
Incoming request: GET /label/list at 2025-12-18T12:38:37.700Z
Incoming request: GET /todo/list at 2025-12-18T12:38:37.750Z
Incoming request: DELETE /label/delete/1 at 2025-12-18T12:38:57.609Z
Incoming request: DELETE /label/delete/1 at 2025-12-18T12:39:01.820Z
Incoming request: DELETE /label/delete/6943f57d151ce184d3c1f3d4 at 2025-12-18T12:39:08.962Z
Incoming request: GET /label/list at 2025-12-18T12:39:09.041Z
Incoming request: GET /todo/list at 2025-12-18T12:39:09.103Z
Incoming request: DELETE /label/delete/0 at 2025-12-18T12:39:14.107Z
Incoming request: DELETE /label/delete/0 at 2025-12-18T12:39:28.047Z
Incoming request: DELETE /label/delete/1 at 2025-12-18T12:39:41.512Z
Incoming request: DELETE /label/delete/0 at 2025-12-18T12:40:40.033Z
Incoming request: DELETE /label/delete/0 at 2025-12-18T12:40:57.285Z
Incoming request: GET /todo/list at 2025-12-18T12:41:03.049Z
Incoming request: GET /label/list at 2025-12-18T12:41:03.075Z
Incoming request: GET /label/list at 2025-12-18T12:41:03.151Z
Incoming request: GET /todo/list at 2025-12-18T12:41:03.233Z
Incoming request: DELETE /label/delete/0 at 2025-12-18T12:41:07.263Z
Incoming request: GET /todo/list at 2025-12-18T12:42:25.054Z
Incoming request: GET /label/list at 2025-12-18T12:42:25.093Z
Incoming request: GET /label/list at 2025-12-18T12:42:25.283Z
Incoming request: GET /todo/list at 2025-12-18T12:42:25.339Z
Incoming request: POST /label/create at 2025-12-18T12:43:07.316Z
Incoming request: GET /label/list at 2025-12-18T12:43:07.384Z
Incoming request: DELETE /label/delete/6943f6dbb6f17202b39df7ac at 2025-12-18T12:43:12.222Z
Incoming request: GET /label/list at 2025-12-18T12:43:12.295Z
Incoming request: GET /todo/list at 2025-12-18T12:43:12.361Z
Incoming request: DELETE /label/delete/0 at 2025-12-18T12:43:27.000Z
Incoming request: DELETE /todo/delete/69368cf2aa8491303760e4f1?action=bin at 2025-12-18T12:43:49.775Z
Incoming request: GET /todo/list at 2025-12-18T12:43:49.943Z
Incoming request: DELETE /label/delete/0 at 2025-12-18T12:43:53.935Z
Incoming request: DELETE /todo/delete/69368cf2aa8491303760e4f1?action=restore at 2025-12-18T12:44:01.823Z
Incoming request: GET /todo/list at 2025-12-18T12:44:01.932Z
Incoming request: DELETE /label/delete/0 at 2025-12-18T12:45:39.866Z
Incoming request: DELETE /label/delete/0 at 2025-12-18T12:48:17.386Z
Incoming request: DELETE /label/delete/1 at 2025-12-18T12:48:27.271Z
Incoming request: GET /label/list at 2025-12-18T12:50:01.982Z
Incoming request: GET /todo/list at 2025-12-18T12:50:02.001Z
Incoming request: GET /label/list at 2025-12-18T12:50:02.068Z
Incoming request: GET /todo/list at 2025-12-18T12:50:02.155Z
Incoming request: DELETE /label/delete/0 at 2025-12-18T12:50:05.493Z
Incoming request: POST /label/create at 2025-12-18T12:53:22.426Z
Incoming request: GET /label/list at 2025-12-18T12:53:22.622Z
Incoming request: DELETE /label/delete/6943f597151ce184d3c1f3e0 at 2025-12-18T12:53:25.595Z
Incoming request: GET /label/list at 2025-12-18T12:53:25.712Z
Incoming request: GET /todo/list at 2025-12-18T12:53:25.785Z
Incoming request: GET /todo/list at 2025-12-18T12:54:29.528Z
Incoming request: GET /label/list at 2025-12-18T12:54:29.532Z
Incoming request: PUT /todo/update/693f8684ba0d20c9785508e2 at 2025-12-18T12:54:32.207Z
Incoming request: GET /todo/list at 2025-12-18T12:54:32.275Z
Incoming request: PUT /todo/update/693f8684ba0d20c9785508e2 at 2025-12-18T12:54:47.701Z
Incoming request: GET /todo/list at 2025-12-18T12:54:47.760Z
Incoming request: GET /todo/list at 2025-12-18T12:55:18.320Z
Incoming request: GET /label/list at 2025-12-18T12:55:18.327Z
Incoming request: GET /label/list at 2025-12-18T12:56:11.535Z
Incoming request: GET /todo/list at 2025-12-18T12:56:11.598Z
Incoming request: GET /label/list at 2025-12-18T12:56:19.956Z
Incoming request: GET /todo/list at 2025-12-18T12:56:20.014Z
Incoming request: GET /label/list at 2025-12-18T12:56:35.169Z
Incoming request: GET /todo/list at 2025-12-18T12:56:35.212Z
Incoming request: GET /label/list at 2025-12-18T12:56:42.981Z
Incoming request: GET /todo/list at 2025-12-18T12:56:43.099Z
Incoming request: POST /label/delete/6937ef756b95248836f960c6 at 2025-12-18T12:58:37.344Z
Incoming request: DELETE /label/delete/6937ef756b95248836f960c6 at 2025-12-18T12:58:48.889Z
Incoming request: POST /label/delete/6937ef756b95248836f960c6 at 2025-12-18T12:58:55.797Z
Incoming request: DELETE /label/delete/6937ef756b95248836f960c6 at 2025-12-18T12:59:00.336Z
Incoming request: DELETE /label/delete/6937ef756b95248836f960c6 at 2025-12-18T12:59:40.353Z
Incoming request: GET /todo/list at 2025-12-18T13:00:15.662Z
Incoming request: GET /label/list at 2025-12-18T13:00:15.721Z
Incoming request: GET /label/list at 2025-12-18T13:00:15.792Z
Incoming request: GET /todo/list at 2025-12-18T13:00:15.814Z
Incoming request: PUT /todo/update/68c0121e03e6a6043ecef791 at 2025-12-18T13:00:26.295Z
Incoming request: GET /todo/list at 2025-12-18T13:00:26.362Z
Incoming request: GET /todo/list at 2025-12-18T13:00:34.735Z
Incoming request: GET /label/list at 2025-12-18T13:00:34.742Z
Incoming request: GET /label/list at 2025-12-18T13:00:34.797Z
Incoming request: GET /todo/list at 2025-12-18T13:00:34.839Z
Incoming request: POST /label/create at 2025-12-18T13:00:38.780Z
Incoming request: GET /label/list at 2025-12-18T13:00:38.854Z
Incoming request: DELETE /label/delete/6943faf657fa1d4a9ebc7a75 at 2025-12-18T13:00:54.265Z
Incoming request: GET /label/list at 2025-12-18T13:00:54.371Z
Incoming request: GET /todo/list at 2025-12-18T13:00:54.422Z
Incoming request: POST /label/create at 2025-12-18T13:01:35.103Z
Incoming request: GET /label/list at 2025-12-18T13:01:35.159Z
Incoming request: PUT /todo/update/692d8bb31d00f6a73b4d64b4 at 2025-12-18T13:01:35.221Z
Incoming request: GET /label/list at 2025-12-18T13:01:35.552Z
Incoming request: POST /todo/add-label/692d8bb31d00f6a73b4d64b4 at 2025-12-18T13:01:35.602Z
Incoming request: GET /todo/list at 2025-12-18T13:01:35.782Z
Incoming request: PUT /todo/update/692d8bb31d00f6a73b4d64b4 at 2025-12-18T13:01:38.916Z
Incoming request: GET /todo/list at 2025-12-18T13:01:38.975Z
Incoming request: DELETE /label/delete/6943fb2f57fa1d4a9ebc7a7d at 2025-12-18T13:01:44.473Z
Incoming request: GET /label/list at 2025-12-18T13:01:44.585Z
Incoming request: GET /todo/list at 2025-12-18T13:01:44.645Z
Incoming request: GET /todo/list at 2025-12-18T13:06:28.367Z
Incoming request: GET /label/list at 2025-12-18T13:06:28.372Z
Incoming request: GET /label/list at 2025-12-18T13:06:55.501Z
Incoming request: GET /todo/list at 2025-12-18T13:06:55.568Z
Incoming request: GET /label/list at 2025-12-18T13:11:33.168Z
Incoming request: GET /todo/list at 2025-12-18T13:11:33.249Z
Incoming request: GET /label/list at 2025-12-18T13:11:43.385Z
Incoming request: GET /todo/list at 2025-12-18T13:11:43.442Z
Incoming request: GET /todo/list at 2025-12-18T13:13:57.326Z
Incoming request: GET /label/list at 2025-12-18T13:13:57.334Z
Incoming request: GET /label/list at 2025-12-18T13:14:21.176Z
Incoming request: GET /todo/list at 2025-12-18T13:14:21.239Z
Incoming request: GET /label/list at 2025-12-18T13:14:51.488Z
Incoming request: GET /todo/list at 2025-12-18T13:14:51.551Z
Incoming request: DELETE /label/delete/6943fb2f57fa1d4a9ebc7a7d at 2025-12-18T13:16:43.583Z
Incoming request: GET /label/list at 2025-12-18T13:16:43.744Z
Incoming request: GET /todo/list at 2025-12-18T13:16:43.828Z
Incoming request: GET /todo/list at 2025-12-18T13:18:21.798Z
Incoming request: GET /label/list at 2025-12-18T13:18:21.805Z
Incoming request: GET /label/list at 2025-12-18T13:18:57.010Z
Incoming request: GET /todo/list at 2025-12-18T13:18:57.062Z
Incoming request: GET /label/list at 2025-12-18T13:19:05.456Z
Incoming request: GET /todo/list at 2025-12-18T13:19:05.554Z
Incoming request: PUT /todo/update/692d8bb31d00f6a73b4d64b4 at 2025-12-18T13:19:11.761Z
Incoming request: GET /label/list at 2025-12-18T13:19:11.834Z
Incoming request: GET /label/list at 2025-12-18T13:19:11.891Z
Incoming request: GET /todo/list at 2025-12-18T13:19:11.893Z
Incoming request: GET /todo/list at 2025-12-18T13:19:12.010Z
Incoming request: GET /todo/list at 2025-12-18T13:20:54.650Z
Incoming request: GET /label/list at 2025-12-18T13:20:54.690Z
Incoming request: GET /label/list at 2025-12-18T13:21:19.232Z
Incoming request: GET /todo/list at 2025-12-18T13:21:19.299Z
Incoming request: POST /label/create at 2025-12-18T13:21:22.863Z
Incoming request: GET /label/list at 2025-12-18T13:21:22.921Z
Incoming request: DELETE /label/delete/6943ffd220e4ffb3e78c54ed at 2025-12-18T13:21:26.153Z
Incoming request: GET /label/list at 2025-12-18T13:21:26.261Z
Incoming request: GET /todo/list at 2025-12-18T13:21:26.326Z
Incoming request: POST /label/create at 2025-12-18T13:21:42.791Z
Incoming request: GET /label/list at 2025-12-18T13:21:42.836Z
Incoming request: PUT /label/update/6943ffe620e4ffb3e78c54f5 at 2025-12-18T13:21:49.682Z
Incoming request: GET /label/list at 2025-12-18T13:21:49.745Z
Incoming request: GET /todo/list at 2025-12-18T13:21:49.802Z
Incoming request: PUT /label/update/6943ffe620e4ffb3e78c54f5 at 2025-12-18T13:22:15.675Z
Incoming request: GET /label/list at 2025-12-18T13:22:15.735Z
Incoming request: GET /todo/list at 2025-12-18T13:22:15.792Z
Incoming request: GET /label/list at 2025-12-18T13:22:41.955Z
Incoming request: GET /todo/list at 2025-12-18T13:22:41.963Z
Incoming request: GET /label/list at 2025-12-18T13:22:42.009Z
Incoming request: GET /todo/list at 2025-12-18T13:22:42.072Z
Incoming request: DELETE /label/delete/6943ffe620e4ffb3e78c54f5 at 2025-12-18T13:22:44.730Z
Incoming request: GET /label/list at 2025-12-18T13:22:44.854Z
Incoming request: GET /todo/list at 2025-12-18T13:22:44.904Z
Incoming request: POST /label/create at 2025-12-18T13:22:53.277Z
Incoming request: GET /label/list at 2025-12-18T13:22:53.342Z
Incoming request: PUT /todo/update/693f8684ba0d20c9785508e2 at 2025-12-18T13:23:03.116Z
Incoming request: POST /todo/add-label/693f8684ba0d20c9785508e2 at 2025-12-18T13:23:03.183Z
Incoming request: GET /todo/list at 2025-12-18T13:23:03.337Z
Incoming request: PUT /todo/update/693f8684ba0d20c9785508e2 at 2025-12-18T13:23:04.288Z
Incoming request: GET /todo/list at 2025-12-18T13:23:04.344Z
Incoming request: DELETE /label/delete/6944002d20e4ffb3e78c550b at 2025-12-18T13:23:10.589Z
Incoming request: GET /label/list at 2025-12-18T13:23:10.695Z
Incoming request: GET /todo/list at 2025-12-18T13:23:10.735Z
Incoming request: GET /todo/list at 2025-12-18T13:23:16.655Z
Incoming request: GET /label/list at 2025-12-18T13:23:16.667Z
Incoming request: GET /label/list at 2025-12-18T13:23:16.735Z
Incoming request: GET /todo/list at 2025-12-18T13:23:16.778Z
Incoming request: DELETE /todo/delete/693f8684ba0d20c9785508e2?action=restore at 2025-12-18T13:23:24.346Z
Incoming request: GET /todo/list at 2025-12-18T13:23:24.450Z
Incoming request: DELETE /todo/delete/693f8684ba0d20c9785508e2?action=bin at 2025-12-18T13:27:08.554Z
Incoming request: GET /todo/list at 2025-12-18T13:27:08.652Z
Incoming request: DELETE /todo/delete/693f8684ba0d20c9785508e2?action=restore at 2025-12-18T13:29:07.023Z
Incoming request: GET /todo/list at 2025-12-18T13:29:07.178Z
Incoming request: GET /user/me at 2025-12-18T13:29:48.514Z
Incoming request: GET /user/me at 2025-12-18T13:29:48.588Z
Incoming request: POST /user/login at 2025-12-18T14:38:44.077Z
Incoming request: GET /todo/list at 2025-12-18T14:38:44.298Z
Incoming request: GET /label/list at 2025-12-18T14:38:44.310Z
Incoming request: GET /label/list at 2025-12-18T14:38:44.367Z
Incoming request: GET /todo/list at 2025-12-18T14:38:44.413Z
Incoming request: GET /todo/list at 2025-12-18T15:16:11.672Z
Incoming request: GET /label/list at 2025-12-18T15:16:11.681Z
Incoming request: GET /label/list at 2025-12-18T15:16:11.756Z
Incoming request: GET /todo/list at 2025-12-18T15:16:11.803Z
Incoming request: PUT /todo/update/68c0121e03e6a6043ecef791 at 2025-12-18T15:25:46.176Z
Incoming request: GET /todo/list at 2025-12-18T15:25:46.263Z
Incoming request: DELETE /todo/delete/692eb25af9942e423be3ea5a?action=bin at 2025-12-18T15:26:13.426Z
Incoming request: GET /todo/list at 2025-12-18T15:26:13.552Z
Incoming request: GET /user/me at 2025-12-18T15:26:19.403Z
Incoming request: GET /user/me at 2025-12-18T15:26:19.456Z
Incoming request: GET /user/me at 2025-12-18T15:29:42.176Z
Incoming request: GET /user/me at 2025-12-18T15:29:42.233Z
Incoming request: GET /todo/list at 2025-12-18T15:36:36.578Z
Incoming request: GET /label/list at 2025-12-18T15:36:36.584Z
Incoming request: GET /todo/list at 2025-12-18T15:36:38.472Z
Incoming request: GET /label/list at 2025-12-18T15:36:38.476Z
Incoming request: GET /todo/list at 2025-12-18T15:37:53.810Z
Incoming request: GET /label/list at 2025-12-18T15:37:53.815Z
Incoming request: GET /label/list at 2025-12-18T15:37:53.868Z
Incoming request: GET /todo/list at 2025-12-18T15:37:53.923Z
Incoming request: PUT /todo/update/693f8684ba0d20c9785508e2 at 2025-12-18T15:39:20.125Z
Incoming request: POST /user/login at 2025-12-18T15:39:57.313Z
Incoming request: POST /upload at 2025-12-18T15:40:23.530Z
Incoming request: GET /todo/list at 2025-12-18T15:42:05.041Z
Incoming request: PUT /todo/update/69368cf2aa8491303760e4f1 at 2025-12-18T15:45:00.032Z
Incoming request: GET /todo/list at 2025-12-18T15:45:11.509Z
Incoming request: PUT /todo/update/693f8684ba0d20c9785508e2 at 2025-12-18T15:46:11.458Z
Incoming request: POST /user/login at 2025-12-19T06:21:10.816Z
Incoming request: GET /todo/list at 2025-12-19T06:21:11.258Z
Incoming request: GET /label/list at 2025-12-19T06:21:11.268Z
Incoming request: GET /label/list at 2025-12-19T06:21:11.598Z
Incoming request: GET /todo/list at 2025-12-19T06:21:11.741Z
Incoming request: DELETE /todo/delete/693f8684ba0d20c9785508e2?action=bin at 2025-12-19T06:21:24.591Z
Incoming request: GET /todo/list at 2025-12-19T06:21:24.823Z
Incoming request: DELETE /todo/delete/693f8684ba0d20c9785508e2?action=restore at 2025-12-19T06:24:20.082Z
Incoming request: GET /todo/list at 2025-12-19T06:24:21.510Z
Incoming request: DELETE /todo/delete/693f8684ba0d20c9785508e2?action=bin at 2025-12-19T06:25:55.670Z
Incoming request: GET /todo/list at 2025-12-19T06:25:55.993Z
Incoming request: GET /todo/list at 2025-12-19T06:30:31.980Z
Incoming request: GET /label/list at 2025-12-19T06:30:32.001Z
Incoming request: POST /label/create at 2025-12-19T06:30:55.285Z
Incoming request: GET /label/list at 2025-12-19T06:30:55.445Z
Incoming request: PUT /todo/update/69368cf2aa8491303760e4f1 at 2025-12-19T06:31:02.939Z
Incoming request: GET /todo/list at 2025-12-19T06:31:03.231Z
Incoming request: DELETE /todo/delete/693f8684ba0d20c9785508e2?action=restore at 2025-12-19T06:31:08.535Z
Incoming request: GET /todo/list at 2025-12-19T06:31:08.874Z
Incoming request: DELETE /todo/delete/693f8684ba0d20c9785508e2?action=bin at 2025-12-19T06:31:17.856Z
Incoming request: GET /todo/list at 2025-12-19T06:31:18.170Z
Incoming request: DELETE /todo/delete/693f8684ba0d20c9785508e2?action=restore at 2025-12-19T06:31:57.539Z
Incoming request: GET /todo/list at 2025-12-19T06:31:57.830Z
Incoming request: GET /todo/list at 2025-12-19T06:33:36.248Z
Incoming request: GET /label/list at 2025-12-19T06:33:36.257Z
Incoming request: GET /label/list at 2025-12-19T06:33:36.392Z
Incoming request: GET /todo/list at 2025-12-19T06:33:36.557Z
Incoming request: DELETE /label/delete/6944f11f96ab1de78032b452 at 2025-12-19T06:34:19.582Z
Incoming request: GET /todo/list at 2025-12-19T06:39:15.335Z
Incoming request: GET /label/list at 2025-12-19T06:39:15.342Z
Incoming request: PUT /todo/update/693f8684ba0d20c9785508e2 at 2025-12-19T06:40:52.917Z
Incoming request: GET /todo/list at 2025-12-19T06:40:53.101Z
Incoming request: PUT /todo/update/693f8684ba0d20c9785508e2 at 2025-12-19T06:40:57.563Z
Incoming request: GET /todo/list at 2025-12-19T06:40:57.730Z
Incoming request: PUT /todo/update/693f8684ba0d20c9785508e2 at 2025-12-19T06:41:22.761Z
Incoming request: GET /todo/list at 2025-12-19T06:41:22.931Z
Incoming request: PUT /todo/update/693f8684ba0d20c9785508e2 at 2025-12-19T06:44:11.887Z
Incoming request: GET /todo/list at 2025-12-19T06:44:12.586Z
Incoming request: PUT /todo/update/693f8684ba0d20c9785508e2 at 2025-12-19T06:44:36.196Z
Incoming request: GET /todo/list at 2025-12-19T06:44:36.298Z
Incoming request: GET /todo/list at 2025-12-19T06:46:10.974Z
Incoming request: GET /label/list at 2025-12-19T06:46:10.977Z
Incoming request: PUT /todo/update/693f8684ba0d20c9785508e2 at 2025-12-19T06:46:52.732Z
Incoming request: GET /todo/list at 2025-12-19T06:46:52.819Z
Incoming request: PUT /todo/update/693f8684ba0d20c9785508e2 at 2025-12-19T06:46:57.172Z
Incoming request: GET /todo/list at 2025-12-19T06:46:57.251Z
Incoming request: GET /todo/list at 2025-12-19T06:47:00.050Z
Incoming request: GET /label/list at 2025-12-19T06:47:00.053Z
Incoming request: GET /label/list at 2025-12-19T06:47:00.127Z
Incoming request: GET /todo/list at 2025-12-19T06:47:00.248Z
Incoming request: PUT /todo/update/69368cf2aa8491303760e4f1 at 2025-12-19T06:47:11.546Z
Incoming request: GET /label/list at 2025-12-19T06:47:11.653Z
Incoming request: GET /todo/list at 2025-12-19T06:47:11.727Z
Incoming request: PUT /todo/update/69368cf2aa8491303760e4f1 at 2025-12-19T06:47:13.595Z
Incoming request: GET /label/list at 2025-12-19T06:47:13.687Z
Incoming request: GET /todo/list at 2025-12-19T06:47:13.767Z
Incoming request: PUT /todo/update/69368cf2aa8491303760e4f1 at 2025-12-19T06:47:20.415Z
Incoming request: GET /todo/list at 2025-12-19T06:47:20.499Z
Incoming request: PUT /todo/update/69368cf2aa8491303760e4f1 at 2025-12-19T06:47:32.044Z
Incoming request: GET /label/list at 2025-12-19T06:47:32.136Z
Incoming request: GET /todo/list at 2025-12-19T06:47:32.208Z
Incoming request: PUT /todo/update/69368cf2aa8491303760e4f1 at 2025-12-19T06:47:33.650Z
Incoming request: GET /label/list at 2025-12-19T06:47:34.917Z
Incoming request: GET /todo/list at 2025-12-19T06:47:35.011Z
Incoming request: POST /label/create at 2025-12-19T06:48:42.739Z
Incoming request: GET /label/list at 2025-12-19T06:48:42.854Z
Incoming request: PUT /todo/update/69368cf2aa8491303760e4f1 at 2025-12-19T06:48:42.927Z
Incoming request: GET /label/list at 2025-12-19T06:48:43.014Z
Incoming request: POST /todo/add-label/69368cf2aa8491303760e4f1 at 2025-12-19T06:48:43.385Z
Incoming request: PUT /todo/update/69368cf2aa8491303760e4f1 at 2025-12-19T06:48:43.408Z
Incoming request: GET /todo/list at 2025-12-19T06:48:44.232Z
Incoming request: PUT /todo/update/69368cf2aa8491303760e4f1 at 2025-12-19T06:48:45.526Z
Incoming request: GET /todo/list at 2025-12-19T06:48:45.618Z
Incoming request: PUT /todo/update/69368cf2aa8491303760e4f1 at 2025-12-19T06:48:47.057Z
Incoming request: GET /todo/list at 2025-12-19T06:48:47.733Z
Incoming request: PUT /todo/update/693f8684ba0d20c9785508e2 at 2025-12-19T06:49:02.073Z
Incoming request: POST /todo/add-label/693f8684ba0d20c9785508e2 at 2025-12-19T06:49:02.174Z
Incoming request: GET /todo/list at 2025-12-19T06:49:02.346Z
Incoming request: GET /todo/list at 2025-12-19T06:49:02.541Z
Incoming request: PUT /todo/update/693f8684ba0d20c9785508e2 at 2025-12-19T06:49:03.779Z
Incoming request: GET /todo/list at 2025-12-19T06:49:03.894Z
Incoming request: PUT /todo/update/693f8684ba0d20c9785508e2 at 2025-12-19T06:49:05.952Z
Incoming request: GET /todo/list at 2025-12-19T06:49:06.057Z
Incoming request: PUT /todo/update/693f8684ba0d20c9785508e2 at 2025-12-19T06:49:22.351Z
Incoming request: GET /todo/list at 2025-12-19T06:49:22.450Z
Incoming request: GET /todo/list at 2025-12-19T06:53:28.994Z
Incoming request: GET /label/list at 2025-12-19T06:53:28.998Z
Incoming request: PUT /todo/update/693f8684ba0d20c9785508e2 at 2025-12-19T06:53:52.711Z
Incoming request: DELETE /todo/remove-label/693f8684ba0d20c9785508e2 at 2025-12-19T06:53:52.820Z
Incoming request: GET /todo/list at 2025-12-19T06:53:52.832Z
Incoming request: PUT /todo/update/693f8684ba0d20c9785508e2 at 2025-12-19T06:54:04.804Z
Incoming request: GET /todo/list at 2025-12-19T06:54:04.893Z
Incoming request: PUT /todo/update/693f8684ba0d20c9785508e2 at 2025-12-19T06:54:12.873Z
Incoming request: DELETE /todo/remove-label/693f8684ba0d20c9785508e2 at 2025-12-19T06:54:12.973Z
Incoming request: GET /todo/list at 2025-12-19T06:54:12.983Z
Incoming request: PUT /todo/update/693f8684ba0d20c9785508e2 at 2025-12-19T06:54:13.897Z
Incoming request: DELETE /todo/remove-label/693f8684ba0d20c9785508e2 at 2025-12-19T06:54:13.970Z
Incoming request: DELETE /todo/remove-label/693f8684ba0d20c9785508e2 at 2025-12-19T06:54:13.976Z
Incoming request: GET /todo/list at 2025-12-19T06:54:14.221Z
Incoming request: PUT /todo/update/693f8684ba0d20c9785508e2 at 2025-12-19T06:54:15.344Z
Incoming request: DELETE /todo/remove-label/693f8684ba0d20c9785508e2 at 2025-12-19T06:54:15.449Z
Incoming request: GET /todo/list at 2025-12-19T06:54:15.455Z
Incoming request: PUT /todo/update/69368cf2aa8491303760e4f1 at 2025-12-19T06:54:23.840Z
Incoming request: GET /todo/list at 2025-12-19T06:54:23.936Z
Incoming request: PUT /todo/update/69368cf2aa8491303760e4f1 at 2025-12-19T06:54:28.009Z
Incoming request: DELETE /todo/remove-label/69368cf2aa8491303760e4f1 at 2025-12-19T06:54:28.095Z
Incoming request: GET /todo/list at 2025-12-19T06:54:28.333Z
Incoming request: GET /todo/list at 2025-12-19T06:55:15.309Z
Incoming request: GET /label/list at 2025-12-19T06:55:15.313Z
Incoming request: GET /label/list at 2025-12-19T06:55:15.418Z
Incoming request: GET /todo/list at 2025-12-19T06:55:15.485Z
Incoming request: POST /label/create at 2025-12-19T06:55:20.676Z
Incoming request: GET /label/list at 2025-12-19T06:55:20.774Z
Incoming request: PUT /todo/update/693f8684ba0d20c9785508e2 at 2025-12-19T06:55:26.500Z
Incoming request: POST /todo/add-label/693f8684ba0d20c9785508e2 at 2025-12-19T06:55:26.621Z
Incoming request: GET /todo/list at 2025-12-19T06:55:26.852Z
Incoming request: PUT /todo/update/693f8684ba0d20c9785508e2 at 2025-12-19T06:55:27.671Z
Incoming request: GET /todo/list at 2025-12-19T06:55:27.778Z
Incoming request: PUT /todo/update/693f8684ba0d20c9785508e2 at 2025-12-19T06:55:33.134Z
Incoming request: DELETE /todo/remove-label/693f8684ba0d20c9785508e2 at 2025-12-19T06:55:33.210Z
Incoming request: GET /todo/list at 2025-12-19T06:55:33.464Z
Incoming request: DELETE /todo/delete/692eb25af9942e423be3ea5a?action=restore at 2025-12-19T06:55:42.256Z
Incoming request: GET /todo/list at 2025-12-19T06:55:42.734Z
Incoming request: DELETE /label/delete/6944f6d896ab1de78032b4e6 at 2025-12-19T06:55:55.119Z
Incoming request: DELETE /label/delete/6944f6d896ab1de78032b4e6 at 2025-12-19T06:55:59.515Z
Incoming request: GET /todo/list at 2025-12-19T07:00:09.979Z
Incoming request: GET /label/list at 2025-12-19T07:00:09.983Z
Incoming request: GET /todo/list at 2025-12-19T07:00:27.966Z
Incoming request: GET /label/list at 2025-12-19T07:00:27.969Z
Incoming request: GET /todo/list at 2025-12-19T07:01:06.079Z
Incoming request: GET /label/list at 2025-12-19T07:01:06.082Z
Incoming request: GET /label/list at 2025-12-19T07:01:08.669Z
Incoming request: POST /label/create at 2025-12-19T07:01:10.713Z
Incoming request: GET /todo/list at 2025-12-19T07:01:11.422Z
Incoming request: GET /todo/list at 2025-12-19T07:01:15.053Z
Incoming request: GET /label/list at 2025-12-19T07:01:15.058Z
Incoming request: GET /todo/list at 2025-12-19T07:01:26.284Z
Incoming request: GET /label/list at 2025-12-19T07:01:26.288Z
Incoming request: GET /todo/list at 2025-12-19T07:01:27.272Z
Incoming request: GET /todo/list at 2025-12-19T07:01:27.351Z
Incoming request: GET /label/list at 2025-12-19T07:01:27.354Z
Incoming request: GET /todo/list at 2025-12-19T07:01:28.337Z
Incoming request: GET /label/list at 2025-12-19T07:01:28.340Z
Incoming request: GET /todo/list at 2025-12-19T07:01:29.036Z
Incoming request: GET /todo/list at 2025-12-19T07:01:29.114Z
Incoming request: GET /label/list at 2025-12-19T07:01:29.118Z
Incoming request: GET /todo/list at 2025-12-19T07:01:29.763Z
Incoming request: GET /label/list at 2025-12-19T07:01:29.772Z
Incoming request: GET /label/list at 2025-12-19T07:01:29.902Z
Incoming request: GET /todo/list at 2025-12-19T07:01:29.996Z
Incoming request: GET /label/list at 2025-12-19T07:01:30.002Z
Incoming request: GET /label/list at 2025-12-19T07:01:36.287Z
Incoming request: GET /todo/list at 2025-12-19T07:01:37.048Z
Incoming request: PUT /todo/update/68c0121e03e6a6043ecef791 at 2025-12-19T07:02:12.929Z
Incoming request: GET /todo/list at 2025-12-19T07:02:15.080Z
Incoming request: GET /label/list at 2025-12-19T07:02:15.084Z
Incoming request: GET /todo/list at 2025-12-19T07:02:15.272Z
Incoming request: GET /label/list at 2025-12-19T07:02:15.660Z
Incoming request: DELETE /label/delete/6944f6d896ab1de78032b4e6 at 2025-12-19T07:02:19.783Z
Incoming request: GET /todo/list at 2025-12-19T07:02:22.852Z
Incoming request: GET /label/list at 2025-12-19T07:02:22.856Z
Incoming request: GET /label/list at 2025-12-19T07:02:22.931Z
Incoming request: GET /todo/list at 2025-12-19T07:02:23.007Z
Incoming request: POST /label/create at 2025-12-19T07:02:27.422Z
Incoming request: GET /label/list at 2025-12-19T07:02:27.734Z
Incoming request: DELETE /label/delete/6944f6d896ab1de78032b4e6 at 2025-12-19T07:02:31.022Z
Incoming request: GET /todo/list at 2025-12-19T07:02:38.856Z
Incoming request: GET /label/list at 2025-12-19T07:02:38.860Z
Incoming request: GET /label/list at 2025-12-19T07:02:38.929Z
Incoming request: GET /todo/list at 2025-12-19T07:02:39.011Z
Incoming request: GET /todo/list at 2025-12-19T07:04:27.000Z
Incoming request: GET /label/list at 2025-12-19T07:04:27.007Z
Incoming request: GET /todo/list at 2025-12-19T07:04:51.986Z
Incoming request: GET /label/list at 2025-12-19T07:04:51.990Z
Incoming request: GET /todo/list at 2025-12-19T07:05:50.983Z
Incoming request: GET /label/list at 2025-12-19T07:05:50.987Z
Incoming request: POST /label/create at 2025-12-19T07:07:45.058Z
Incoming request: GET /label/list at 2025-12-19T07:07:45.337Z
Incoming request: DELETE /label/delete/6944f6d896ab1de78032b4e6 at 2025-12-19T07:07:49.677Z
Incoming request: GET /todo/list at 2025-12-19T07:08:26.993Z
Incoming request: GET /label/list at 2025-12-19T07:08:26.999Z
Incoming request: GET /label/list at 2025-12-19T07:08:27.092Z
Incoming request: GET /todo/list at 2025-12-19T07:08:27.177Z
Incoming request: POST /user/login at 2025-12-19T07:09:03.348Z
Incoming request: GET /todo/list at 2025-12-19T07:09:03.644Z
Incoming request: GET /label/list at 2025-12-19T07:09:03.649Z
Incoming request: GET /label/list at 2025-12-19T07:09:03.739Z
Incoming request: GET /todo/list at 2025-12-19T07:09:03.813Z
Incoming request: POST /label/create at 2025-12-19T07:09:28.546Z
Incoming request: GET /label/list at 2025-12-19T07:09:28.656Z
Incoming request: DELETE /label/delete/6944fa2896ab1de78032b565 at 2025-12-19T07:09:32.222Z
Incoming request: GET /todo/list at 2025-12-19T07:11:05.994Z
Incoming request: GET /label/list at 2025-12-19T07:11:05.998Z
Incoming request: GET /todo/list at 2025-12-19T07:11:09.972Z
Incoming request: GET /label/list at 2025-12-19T07:11:09.975Z
Incoming request: GET /todo/list at 2025-12-19T07:11:12.978Z
Incoming request: GET /label/list at 2025-12-19T07:11:12.981Z
Incoming request: POST /label/create at 2025-12-19T07:12:46.424Z
Incoming request: GET /label/list at 2025-12-19T07:12:46.500Z
Incoming request: DELETE /label/delete/6944faee96ab1de78032b573 at 2025-12-19T07:12:49.118Z
Incoming request: GET /label/list at 2025-12-19T07:12:49.302Z
Incoming request: GET /todo/list at 2025-12-19T07:12:49.307Z
Incoming request: POST /label/create at 2025-12-19T07:12:57.617Z
Incoming request: GET /label/list at 2025-12-19T07:12:57.698Z
Incoming request: PUT /todo/update/68c0121e03e6a6043ecef791 at 2025-12-19T07:13:02.443Z
Incoming request: PUT /todo/update/693f8684ba0d20c9785508e2 at 2025-12-19T07:13:07.278Z
Incoming request: PUT /todo/update/693f8684ba0d20c9785508e2 at 2025-12-19T07:13:09.455Z
Incoming request: PUT /todo/update/693f8684ba0d20c9785508e2 at 2025-12-19T07:13:12.659Z
Incoming request: GET /todo/list at 2025-12-19T07:13:19.949Z
Incoming request: GET /label/list at 2025-12-19T07:13:19.954Z
Incoming request: GET /label/list at 2025-12-19T07:13:20.078Z
Incoming request: GET /todo/list at 2025-12-19T07:13:20.170Z
Incoming request: PUT /todo/update/693f8684ba0d20c9785508e2 at 2025-12-19T07:13:26.225Z
Incoming request: PUT /todo/update/693f8684ba0d20c9785508e2 at 2025-12-19T07:13:27.896Z
Incoming request: GET /todo/list at 2025-12-19T07:13:56.156Z
Incoming request: GET /label/list at 2025-12-19T07:13:56.160Z
Incoming request: GET /label/list at 2025-12-19T07:13:56.255Z
Incoming request: GET /todo/list at 2025-12-19T07:13:56.349Z
Incoming request: POST /label/create at 2025-12-19T07:13:59.871Z
Incoming request: GET /label/list at 2025-12-19T07:13:59.982Z
Incoming request: PUT /todo/update/68c0121e03e6a6043ecef791 at 2025-12-19T07:14:01.560Z
Incoming request: PUT /todo/update/69368cf2aa8491303760e4f1 at 2025-12-19T07:14:06.138Z
Incoming request: PUT /todo/update/69368cf2aa8491303760e4f1 at 2025-12-19T07:14:07.289Z
Incoming request: GET /todo/list at 2025-12-19T07:14:51.403Z
Incoming request: GET /label/list at 2025-12-19T07:14:51.406Z
Incoming request: GET /label/list at 2025-12-19T07:14:52.170Z
Incoming request: GET /todo/list at 2025-12-19T07:14:52.247Z
Incoming request: POST /label/create at 2025-12-19T07:15:30.141Z
Incoming request: GET /label/list at 2025-12-19T07:15:30.668Z
Incoming request: PUT /todo/update/69368cf2aa8491303760e4f1 at 2025-12-19T07:15:30.748Z
Incoming request: PUT /todo/update/69368cf2aa8491303760e4f1 at 2025-12-19T07:15:32.736Z
Incoming request: PUT /todo/update/692edbb40c1b11ffaaf535c0 at 2025-12-19T07:15:47.467Z
Incoming request: PUT /todo/update/692edbb40c1b11ffaaf535c0 at 2025-12-19T07:15:48.935Z
Incoming request: GET /todo/list at 2025-12-19T07:16:47.977Z
Incoming request: GET /label/list at 2025-12-19T07:16:47.980Z
Incoming request: GET /todo/list at 2025-12-19T07:16:49.983Z
Incoming request: GET /label/list at 2025-12-19T07:16:49.988Z
Incoming request: PUT /todo/update/693f8684ba0d20c9785508e2 at 2025-12-19T07:17:27.381Z
Incoming request: PUT /todo/update/693f8684ba0d20c9785508e2 at 2025-12-19T07:17:28.913Z
Incoming request: GET /todo/list at 2025-12-19T07:18:13.488Z
Incoming request: GET /label/list at 2025-12-19T07:18:13.492Z
Incoming request: GET /label/list at 2025-12-19T07:18:13.568Z
Incoming request: GET /todo/list at 2025-12-19T07:18:13.663Z
Incoming request: POST /label/create at 2025-12-19T07:18:25.562Z
Incoming request: GET /label/list at 2025-12-19T07:18:25.662Z
Incoming request: POST /label/create at 2025-12-19T07:18:25.743Z
Incoming request: PUT /todo/update/69368cf2aa8491303760e4f1 at 2025-12-19T07:18:25.900Z
Incoming request: PUT /todo/update/69368cf2aa8491303760e4f1 at 2025-12-19T07:18:28.497Z
Incoming request: GET /todo/list at 2025-12-19T07:19:38.984Z
Incoming request: GET /label/list at 2025-12-19T07:19:38.990Z
Incoming request: GET /todo/list at 2025-12-19T07:20:07.787Z
Incoming request: GET /label/list at 2025-12-19T07:20:07.793Z
Incoming request: GET /label/list at 2025-12-19T07:20:07.897Z
Incoming request: GET /todo/list at 2025-12-19T07:20:07.969Z
Incoming request: PUT /todo/update/69368cf2aa8491303760e4f1 at 2025-12-19T07:20:16.622Z
Incoming request: PUT /todo/update/69368cf2aa8491303760e4f1 at 2025-12-19T07:20:17.890Z
Incoming request: POST /label/create at 2025-12-19T07:20:41.256Z
Incoming request: GET /label/list at 2025-12-19T07:20:41.352Z
Incoming request: POST /label/create at 2025-12-19T07:20:41.449Z
Incoming request: PUT /todo/update/692eb39af30a8626e4526e81 at 2025-12-19T07:20:41.616Z
Incoming request: PUT /todo/update/692eb39af30a8626e4526e81 at 2025-12-19T07:20:43.927Z
Incoming request: GET /todo/list at 2025-12-19T07:23:40.378Z
Incoming request: GET /label/list at 2025-12-19T07:23:40.392Z
Incoming request: GET /label/list at 2025-12-19T07:23:40.533Z
Incoming request: GET /todo/list at 2025-12-19T07:23:40.613Z
Incoming request: GET /todo/list at 2025-12-19T07:23:58.491Z
Incoming request: GET /label/list at 2025-12-19T07:23:58.498Z
Incoming request: GET /label/list at 2025-12-19T07:23:58.574Z
Incoming request: GET /todo/list at 2025-12-19T07:23:58.652Z
Incoming request: POST /label/create at 2025-12-19T07:24:05.738Z
Incoming request: GET /label/list at 2025-12-19T07:24:05.859Z
Incoming request: PUT /todo/update/69368cf2aa8491303760e4f1 at 2025-12-19T07:24:09.640Z
Incoming request: GET /todo/list at 2025-12-19T07:24:09.743Z
Incoming request: PUT /todo/update/69368cf2aa8491303760e4f1 at 2025-12-19T07:24:10.699Z
Incoming request: GET /todo/list at 2025-12-19T07:24:10.793Z
Incoming request: DELETE /label/delete/6944fd95258c631b6ed4204c at 2025-12-19T07:24:21.848Z
Incoming request: GET /label/list at 2025-12-19T07:24:22.028Z
Incoming request: GET /todo/list at 2025-12-19T07:24:22.031Z
Incoming request: GET /label/list at 2025-12-19T07:24:29.059Z
Incoming request: GET /todo/list at 2025-12-19T07:24:29.062Z
Incoming request: GET /label/list at 2025-12-19T07:24:33.097Z
Incoming request: GET /todo/list at 2025-12-19T07:24:33.101Z
Incoming request: GET /label/list at 2025-12-19T07:24:38.015Z
Incoming request: GET /todo/list at 2025-12-19T07:24:38.019Z
Incoming request: GET /todo/list at 2025-12-19T07:24:40.901Z
Incoming request: GET /label/list at 2025-12-19T07:24:40.905Z
Incoming request: GET /label/list at 2025-12-19T07:24:41.012Z
Incoming request: GET /todo/list at 2025-12-19T07:24:41.094Z
Incoming request: PUT /todo/update/69368cf2aa8491303760e4f1 at 2025-12-19T07:24:48.758Z
Incoming request: GET /todo/list at 2025-12-19T07:24:48.868Z
Incoming request: POST /label/create at 2025-12-19T07:24:54.182Z
Incoming request: GET /label/list at 2025-12-19T07:24:54.299Z
Incoming request: DELETE /label/delete/6944fdc6258c631b6ed4206c at 2025-12-19T07:24:57.553Z
Incoming request: GET /label/list at 2025-12-19T07:24:57.734Z
Incoming request: GET /todo/list at 2025-12-19T07:24:57.737Z
Incoming request: PUT /todo/update/692edbb40c1b11ffaaf535c0 at 2025-12-19T07:25:06.019Z
Incoming request: GET /todo/list at 2025-12-19T07:25:06.096Z
Incoming request: PUT /todo/update/692eb25af9942e423be3ea5a at 2025-12-19T07:25:15.400Z
Incoming request: GET /todo/list at 2025-12-19T07:25:15.502Z
Incoming request: POST /label/create at 2025-12-19T07:25:20.496Z
Incoming request: GET /label/list at 2025-12-19T07:25:20.574Z
Incoming request: POST /label/create at 2025-12-19T07:25:20.653Z
Incoming request: PUT /todo/update/692eb25af9942e423be3ea5a at 2025-12-19T07:25:20.819Z
Incoming request: GET /todo/list at 2025-12-19T07:25:20.898Z
Incoming request: PUT /todo/update/692eb25af9942e423be3ea5a at 2025-12-19T07:25:22.157Z
Incoming request: GET /todo/list at 2025-12-19T07:25:22.274Z
Incoming request: DELETE /label/delete/6944fde0258c631b6ed4207a at 2025-12-19T07:25:32.387Z
Incoming request: GET /label/list at 2025-12-19T07:25:32.575Z
Incoming request: GET /todo/list at 2025-12-19T07:25:32.580Z
Incoming request: GET /label/list at 2025-12-19T07:25:40.858Z
Incoming request: GET /todo/list at 2025-12-19T07:25:40.861Z
Incoming request: GET /todo/list at 2025-12-19T07:25:43.454Z
Incoming request: GET /label/list at 2025-12-19T07:25:43.462Z
Incoming request: GET /label/list at 2025-12-19T07:25:43.532Z
Incoming request: GET /todo/list at 2025-12-19T07:25:43.608Z
Incoming request: GET /todo/list at 2025-12-19T07:27:04.671Z
Incoming request: GET /label/list at 2025-12-19T07:27:04.675Z
Incoming request: GET /label/list at 2025-12-19T07:27:04.784Z
Incoming request: GET /todo/list at 2025-12-19T07:27:04.850Z
Incoming request: GET /todo/list at 2025-12-19T07:28:05.005Z
Incoming request: GET /label/list at 2025-12-19T07:28:05.009Z
Incoming request: GET /todo/list at 2025-12-19T07:28:28.543Z
Incoming request: GET /label/list at 2025-12-19T07:28:28.546Z
Incoming request: GET /label/list at 2025-12-19T07:28:28.661Z
Incoming request: GET /todo/list at 2025-12-19T07:28:28.734Z
Incoming request: GET /label/list at 2025-12-19T07:28:33.306Z
Incoming request: GET /todo/list at 2025-12-19T07:28:33.310Z
Incoming request: GET /todo/list at 2025-12-19T07:28:35.962Z
Incoming request: GET /label/list at 2025-12-19T07:28:35.966Z
Incoming request: GET /label/list at 2025-12-19T07:28:36.052Z
Incoming request: GET /todo/list at 2025-12-19T07:28:36.129Z
Incoming request: GET /todo/list at 2025-12-19T07:28:51.953Z
Incoming request: GET /label/list at 2025-12-19T07:28:51.956Z
Incoming request: GET /label/list at 2025-12-19T07:28:52.049Z
Incoming request: GET /todo/list at 2025-12-19T07:28:52.128Z
Incoming request: POST /label/create at 2025-12-19T07:28:56.333Z
Incoming request: GET /label/list at 2025-12-19T07:28:56.419Z
Incoming request: PUT /todo/update/69368cf2aa8491303760e4f1 at 2025-12-19T07:29:01.968Z
Incoming request: GET /todo/list at 2025-12-19T07:29:02.064Z
Incoming request: PUT /todo/update/69368cf2aa8491303760e4f1 at 2025-12-19T07:29:03.194Z
Incoming request: GET /todo/list at 2025-12-19T07:29:03.298Z
Incoming request: DELETE /label/delete/6944feb8258c631b6ed420b2 at 2025-12-19T07:29:09.172Z
Incoming request: GET /label/list at 2025-12-19T07:29:09.339Z
Incoming request: GET /todo/list at 2025-12-19T07:29:09.342Z
Incoming request: GET /label/list at 2025-12-19T07:31:31.303Z
Incoming request: GET /todo/list at 2025-12-19T07:31:31.320Z
Incoming request: GET /todo/list at 2025-12-19T07:31:34.922Z
Incoming request: GET /label/list at 2025-12-19T07:31:34.926Z
Incoming request: GET /label/list at 2025-12-19T07:31:35.021Z
Incoming request: GET /todo/list at 2025-12-19T07:31:35.097Z
Incoming request: GET /label/list at 2025-12-19T07:31:43.796Z
Incoming request: GET /todo/list at 2025-12-19T07:31:43.803Z
Incoming request: GET /todo/list at 2025-12-19T07:31:45.740Z
Incoming request: GET /label/list at 2025-12-19T07:31:45.747Z
Incoming request: GET /label/list at 2025-12-19T07:31:45.865Z
Incoming request: GET /todo/list at 2025-12-19T07:31:45.935Z
Incoming request: POST /label/create at 2025-12-19T07:31:55.923Z
Incoming request: GET /label/list at 2025-12-19T07:31:56.179Z
Incoming request: PUT /todo/update/692eb39af30a8626e4526e81 at 2025-12-19T07:31:56.267Z
Incoming request: GET /todo/list at 2025-12-19T07:31:56.377Z
Incoming request: PUT /todo/update/692eb39af30a8626e4526e81 at 2025-12-19T07:31:57.580Z
Incoming request: GET /todo/list at 2025-12-19T07:31:57.694Z
Incoming request: PUT /todo/update/692eb39af30a8626e4526e81 at 2025-12-19T07:32:05.893Z
Incoming request: GET /todo/list at 2025-12-19T07:32:05.979Z
Incoming request: DELETE /label/delete/6944feb8258c631b6ed420b2 at 2025-12-19T07:32:11.528Z
Incoming request: GET /label/list at 2025-12-19T07:32:11.709Z
Incoming request: GET /todo/list at 2025-12-19T07:32:11.712Z
Incoming request: GET /label/list at 2025-12-19T07:32:19.305Z
Incoming request: GET /todo/list at 2025-12-19T07:32:19.309Z
Incoming request: GET /label/list at 2025-12-19T07:32:22.876Z
Incoming request: GET /todo/list at 2025-12-19T07:32:22.886Z
Incoming request: GET /label/list at 2025-12-19T07:32:26.149Z
Incoming request: GET /todo/list at 2025-12-19T07:32:26.154Z
Incoming request: POST /label/create at 2025-12-19T07:32:31.374Z
Incoming request: GET /label/list at 2025-12-19T07:32:31.459Z
Incoming request: POST /label/create at 2025-12-19T07:32:39.538Z
Incoming request: GET /label/list at 2025-12-19T07:32:39.793Z
Incoming request: PUT /todo/update/692eb39af30a8626e4526e81 at 2025-12-19T07:32:39.897Z
Incoming request: GET /todo/list at 2025-12-19T07:32:39.986Z
Incoming request: PUT /todo/update/692edbb40c1b11ffaaf535c0 at 2025-12-19T07:32:46.575Z
Incoming request: GET /todo/list at 2025-12-19T07:32:46.660Z
Incoming request: PUT /todo/update/692edbb40c1b11ffaaf535c0 at 2025-12-19T07:32:47.966Z
Incoming request: GET /todo/list at 2025-12-19T07:32:48.368Z
Incoming request: PUT /todo/update/692d8bd21d00f6a73b4d64b6 at 2025-12-19T07:32:52.365Z
Incoming request: GET /todo/list at 2025-12-19T07:32:52.467Z
Incoming request: PUT /todo/update/692d8bd21d00f6a73b4d64b6 at 2025-12-19T07:32:53.922Z
Incoming request: GET /todo/list at 2025-12-19T07:32:54.019Z
Incoming request: PUT /todo/update/692edbb40c1b11ffaaf535c0 at 2025-12-19T07:33:10.203Z
Incoming request: GET /todo/list at 2025-12-19T07:33:10.300Z
Incoming request: DELETE /label/delete/6944ff8fe873a75bd493d6c0 at 2025-12-19T07:33:12.789Z
Incoming request: GET /todo/list at 2025-12-19T07:33:12.976Z
Incoming request: GET /label/list at 2025-12-19T07:33:12.980Z
Incoming request: GET /label/list at 2025-12-19T07:33:22.153Z
Incoming request: GET /todo/list at 2025-12-19T07:33:22.156Z
Incoming request: GET /label/list at 2025-12-19T07:33:26.325Z
Incoming request: GET /todo/list at 2025-12-19T07:33:26.339Z
Incoming request: GET /todo/list at 2025-12-19T07:35:05.978Z
Incoming request: GET /label/list at 2025-12-19T07:35:05.982Z
Incoming request: GET /todo/list at 2025-12-19T07:35:22.745Z
Incoming request: GET /label/list at 2025-12-19T07:35:22.750Z
Incoming request: GET /label/list at 2025-12-19T07:35:22.816Z
Incoming request: GET /todo/list at 2025-12-19T07:35:22.908Z
Incoming request: GET /label/list at 2025-12-19T07:35:27.528Z
Incoming request: GET /todo/list at 2025-12-19T07:35:27.531Z
Incoming request: GET /todo/list at 2025-12-19T07:35:52.293Z
Incoming request: GET /label/list at 2025-12-19T07:35:52.297Z
Incoming request: GET /label/list at 2025-12-19T07:35:52.365Z
Incoming request: GET /todo/list at 2025-12-19T07:35:52.460Z
Incoming request: PUT /todo/update/69368cf2aa8491303760e4f1 at 2025-12-19T07:36:00.948Z
Incoming request: GET /todo/list at 2025-12-19T07:36:01.063Z
Incoming request: POST /label/create at 2025-12-19T07:36:06.489Z
Incoming request: GET /label/list at 2025-12-19T07:36:06.578Z
Incoming request: POST /label/create at 2025-12-19T07:36:06.660Z
Incoming request: PUT /todo/update/69368cf2aa8491303760e4f1 at 2025-12-19T07:36:06.820Z
Incoming request: GET /todo/list at 2025-12-19T07:36:06.896Z
Incoming request: PUT /todo/update/69368cf2aa8491303760e4f1 at 2025-12-19T07:36:07.909Z
Incoming request: GET /todo/list at 2025-12-19T07:36:08.018Z
Incoming request: DELETE /label/delete/69450066e873a75bd493d6fa at 2025-12-19T07:36:11.369Z
Incoming request: GET /todo/list at 2025-12-19T07:36:11.534Z
Incoming request: GET /label/list at 2025-12-19T07:36:11.537Z
Incoming request: GET /label/list at 2025-12-19T07:36:18.042Z
Incoming request: GET /todo/list at 2025-12-19T07:36:18.045Z
Incoming request: GET /todo/list at 2025-12-19T07:36:19.808Z
Incoming request: GET /label/list at 2025-12-19T07:36:19.812Z
Incoming request: GET /label/list at 2025-12-19T07:36:19.897Z
Incoming request: GET /todo/list at 2025-12-19T07:36:19.970Z
Incoming request: PUT /todo/update/69368cf2aa8491303760e4f1 at 2025-12-19T07:39:30.346Z
Incoming request: GET /label/list at 2025-12-19T07:39:30.759Z
Incoming request: GET /todo/list at 2025-12-19T07:39:30.762Z
Incoming request: PUT /todo/update/69368cf2aa8491303760e4f1 at 2025-12-19T07:39:35.177Z
Incoming request: GET /todo/list at 2025-12-19T07:39:35.253Z
Incoming request: POST /label/create at 2025-12-19T07:39:43.783Z
Incoming request: GET /label/list at 2025-12-19T07:39:43.898Z
Incoming request: POST /label/create at 2025-12-19T07:39:43.974Z
Incoming request: PUT /todo/update/69368cf2aa8491303760e4f1 at 2025-12-19T07:39:44.153Z
Incoming request: GET /todo/list at 2025-12-19T07:39:44.254Z
Incoming request: PUT /todo/update/69368cf2aa8491303760e4f1 at 2025-12-19T07:39:46.206Z
Incoming request: GET /todo/list at 2025-12-19T07:39:46.303Z
Incoming request: PUT /todo/update/692edbb40c1b11ffaaf535c0 at 2025-12-19T07:39:51.110Z
Incoming request: GET /todo/list at 2025-12-19T07:39:51.216Z
Incoming request: PUT /todo/update/692edbb40c1b11ffaaf535c0 at 2025-12-19T07:39:52.619Z
Incoming request: GET /todo/list at 2025-12-19T07:39:52.739Z
Incoming request: DELETE /label/delete/6945013fe873a75bd493d71b at 2025-12-19T07:39:58.840Z
Incoming request: PUT /todo/update/69368cf2aa8491303760e4f1 at 2025-12-19T07:39:59.016Z
Incoming request: PUT /todo/update/692edbb40c1b11ffaaf535c0 at 2025-12-19T07:39:59.020Z
Incoming request: GET /label/list at 2025-12-19T07:39:59.096Z
Incoming request: GET /todo/list at 2025-12-19T07:39:59.098Z
Incoming request: PUT /todo/update/693f8684ba0d20c9785508e2 at 2025-12-19T07:40:23.291Z
Incoming request: GET /todo/list at 2025-12-19T07:40:23.427Z
Incoming request: PUT /todo/update/692eb25af9942e423be3ea5a at 2025-12-19T07:40:25.573Z
Incoming request: GET /todo/list at 2025-12-19T07:40:25.720Z
Incoming request: PUT /todo/update/693f8684ba0d20c9785508e2 at 2025-12-19T07:45:47.266Z
Incoming request: GET /todo/list at 2025-12-19T07:45:47.732Z
Incoming request: PUT /todo/update/693f8684ba0d20c9785508e2 at 2025-12-19T07:46:09.378Z
Incoming request: GET /todo/list at 2025-12-19T07:46:09.498Z
Incoming request: GET /user/me at 2025-12-19T07:50:13.608Z
Incoming request: GET /user/me at 2025-12-19T07:50:13.703Z
Incoming request: PUT /todo/update/68c0121e03e6a6043ecef791 at 2025-12-19T07:50:25.746Z
Incoming request: GET /todo/list at 2025-12-19T07:50:25.825Z
Incoming request: GET /user/me at 2025-12-19T07:50:28.763Z
Incoming request: GET /user/me at 2025-12-19T07:50:28.852Z
Incoming request: GET /todo/list at 2025-12-19T07:51:07.987Z
Incoming request: GET /label/list at 2025-12-19T07:51:07.991Z
Incoming request: PUT /todo/update/68c0121e03e6a6043ecef791 at 2025-12-19T07:52:11.396Z
Incoming request: GET /todo/list at 2025-12-19T07:52:11.498Z
Incoming request: POST /user/login at 2025-12-19T07:56:27.008Z
Incoming request: GET /todo/list at 2025-12-19T07:56:27.306Z
Incoming request: GET /label/list at 2025-12-19T07:56:27.317Z
Incoming request: GET /label/list at 2025-12-19T07:56:27.460Z
Incoming request: GET /todo/list at 2025-12-19T07:56:27.543Z
Incoming request: PUT /todo/update/693f8684ba0d20c9785508e2 at 2025-12-19T07:56:34.772Z
Incoming request: GET /todo/list at 2025-12-19T07:56:34.926Z
Incoming request: GET /todo/list at 2025-12-19T07:59:36.396Z
Incoming request: POST /user/login at 2025-12-19T07:59:50.000Z
Incoming request: GET /todo/list at 2025-12-19T08:00:01.586Z
Incoming request: POST /todo/create at 2025-12-19T08:00:44.475Z
Incoming request: POST /user/login at 2025-12-19T08:02:37.958Z
Incoming request: POST /user/login at 2025-12-19T08:02:42.950Z
Incoming request: POST /user/login at 2025-12-19T08:02:48.065Z
Incoming request: GET /todo/list at 2025-12-19T08:02:48.302Z
Incoming request: GET /label/list at 2025-12-19T08:02:48.311Z
Incoming request: GET /label/list at 2025-12-19T08:02:48.390Z
Incoming request: GET /todo/list at 2025-12-19T08:02:48.454Z
Incoming request: PUT /todo/update/6945062c086859ee25e8e589 at 2025-12-19T08:03:01.198Z
Incoming request: GET /todo/list at 2025-12-19T08:03:01.305Z
Incoming request: DELETE /todo/delete/693f8684ba0d20c9785508e2?action=bin at 2025-12-19T08:03:12.481Z
Incoming request: GET /todo/list at 2025-12-19T08:03:12.660Z
Incoming request: GET /user/me at 2025-12-19T08:03:14.875Z
Incoming request: GET /user/me at 2025-12-19T08:03:14.972Z
Incoming request: DELETE /todo/delete/693f8684ba0d20c9785508e2?action=permanent at 2025-12-19T08:03:23.215Z
Incoming request: GET /todo/list at 2025-12-19T08:03:23.381Z
Incoming request: PUT /todo/update/69368cf2aa8491303760e4f1 at 2025-12-19T08:04:00.714Z
Incoming request: GET /todo/list at 2025-12-19T08:04:00.818Z
Incoming request: DELETE /todo/delete/692eb25af9942e423be3ea5a?action=bin at 2025-12-19T08:04:04.541Z
Incoming request: GET /todo/list at 2025-12-19T08:04:04.736Z
Incoming request: DELETE /todo/delete/692eb25af9942e423be3ea5a?action=permanent at 2025-12-19T08:04:09.722Z
Incoming request: GET /todo/list at 2025-12-19T08:04:09.903Z
Incoming request: PUT /todo/update/68c0121e03e6a6043ecef791 at 2025-12-19T08:04:49.186Z
Incoming request: GET /todo/list at 2025-12-19T08:04:49.298Z
Incoming request: POST /label/create at 2025-12-19T08:04:59.213Z
Incoming request: GET /label/list at 2025-12-19T08:04:59.301Z
Incoming request: POST /label/create at 2025-12-19T08:04:59.376Z
Incoming request: PUT /todo/update/69368cf2aa8491303760e4f1 at 2025-12-19T08:04:59.544Z
Incoming request: GET /todo/list at 2025-12-19T08:04:59.627Z
Incoming request: PUT /todo/update/69368cf2aa8491303760e4f1 at 2025-12-19T08:05:00.767Z
Incoming request: GET /todo/list at 2025-12-19T08:05:00.863Z
Incoming request: GET /todo/list at 2025-12-19T08:08:39.116Z
Incoming request: GET /label/list at 2025-12-19T08:08:39.122Z
Incoming request: GET /label/list at 2025-12-19T08:08:39.222Z
Incoming request: GET /todo/list at 2025-12-19T08:08:40.480Z
Incoming request: GET /todo/list at 2025-12-19T08:09:39.198Z
Incoming request: GET /label/list at 2025-12-19T08:09:39.203Z
Incoming request: PUT /todo/update/692edbb40c1b11ffaaf535c0 at 2025-12-19T08:11:24.597Z
Incoming request: GET /todo/list at 2025-12-19T08:11:24.705Z
Incoming request: POST /upload at 2025-12-19T08:11:43.954Z
Incoming request: PUT /todo/update/692edbb40c1b11ffaaf535c0 at 2025-12-19T08:11:44.074Z
Incoming request: GET /todo/list at 2025-12-19T08:11:44.432Z
Incoming request: PUT /todo/update/692edbb40c1b11ffaaf535c0 at 2025-12-19T08:11:53.654Z
Incoming request: GET /todo/list at 2025-12-19T08:11:53.741Z
Incoming request: POST /user/login at 2025-12-19T08:13:57.005Z
Incoming request: GET /todo/list at 2025-12-19T08:13:57.358Z
Incoming request: GET /label/list at 2025-12-19T08:13:57.370Z
Incoming request: GET /label/list at 2025-12-19T08:13:57.496Z
Incoming request: GET /todo/list at 2025-12-19T08:13:57.551Z
Incoming request: GET /todo/list at 2025-12-19T08:17:16.979Z
Incoming request: GET /label/list at 2025-12-19T08:17:16.998Z
Incoming request: GET /todo/list at 2025-12-19T08:18:27.011Z
Incoming request: GET /label/list at 2025-12-19T08:18:27.031Z
Incoming request: GET /todo/list at 2025-12-19T08:18:41.976Z
Incoming request: GET /label/list at 2025-12-19T08:18:41.980Z
Incoming request: PUT /todo/update/69368cf2aa8491303760e4f1 at 2025-12-19T08:19:36.589Z
Incoming request: PUT /todo/update/69368cf2aa8491303760e4f1 at 2025-12-19T08:19:49.181Z
Incoming request: GET /todo/list at 2025-12-19T08:19:53.309Z
Incoming request: GET /label/list at 2025-12-19T08:19:53.314Z
Incoming request: GET /label/list at 2025-12-19T08:19:53.387Z
Incoming request: GET /todo/list at 2025-12-19T08:19:53.457Z
Incoming request: PUT /todo/update/692edbb40c1b11ffaaf535c0 at 2025-12-19T08:21:24.682Z
Incoming request: PUT /todo/update/692edbb40c1b11ffaaf535c0 at 2025-12-19T08:22:18.854Z
Incoming request: GET /todo/list at 2025-12-19T08:22:19.008Z
Incoming request: PUT /todo/update/692edbb40c1b11ffaaf535c0 at 2025-12-19T08:22:22.908Z
Incoming request: GET /todo/list at 2025-12-19T08:22:22.981Z
Incoming request: PUT /todo/update/692d8bb31d00f6a73b4d64b4 at 2025-12-19T08:26:21.729Z
Incoming request: GET /todo/list at 2025-12-19T08:26:27.358Z
Incoming request: GET /label/list at 2025-12-19T08:26:27.364Z
Incoming request: GET /label/list at 2025-12-19T08:26:27.462Z
Incoming request: GET /todo/list at 2025-12-19T08:26:27.540Z
Incoming request: PUT /todo/update/692d8bb31d00f6a73b4d64b4 at 2025-12-19T08:26:38.236Z
Incoming request: GET /todo/list at 2025-12-19T08:26:38.367Z
Incoming request: PUT /todo/update/692d8bb31d00f6a73b4d64b4 at 2025-12-19T08:26:42.214Z
Incoming request: GET /todo/list at 2025-12-19T08:26:42.301Z
Incoming request: PUT /todo/update/692edbb40c1b11ffaaf535c0 at 2025-12-19T08:27:03.629Z
Incoming request: GET /todo/list at 2025-12-19T08:27:03.741Z
Incoming request: GET /todo/list at 2025-12-19T08:29:23.974Z
Incoming request: GET /label/list at 2025-12-19T08:29:23.991Z
Incoming request: PUT /todo/update/692d8bb31d00f6a73b4d64b4 at 2025-12-19T08:29:58.186Z
Incoming request: GET /todo/list at 2025-12-19T08:30:01.955Z
Incoming request: GET /label/list at 2025-12-19T08:30:01.965Z
Incoming request: GET /label/list at 2025-12-19T08:30:02.076Z
Incoming request: GET /todo/list at 2025-12-19T08:30:02.141Z
Incoming request: PUT /todo/update/692d8bb31d00f6a73b4d64b4 at 2025-12-19T08:30:08.872Z
Incoming request: PUT /todo/update/692d8bb31d00f6a73b4d64b4 at 2025-12-19T08:30:13.079Z
Incoming request: PUT /todo/update/692d8bb31d00f6a73b4d64b4 at 2025-12-19T08:32:32.550Z
Incoming request: GET /todo/list at 2025-12-19T08:32:35.664Z
Incoming request: GET /label/list at 2025-12-19T08:32:35.678Z
Incoming request: GET /label/list at 2025-12-19T08:32:35.814Z
Incoming request: GET /todo/list at 2025-12-19T08:32:35.918Z
Incoming request: PUT /todo/update/6945062c086859ee25e8e589 at 2025-12-19T08:32:44.871Z
Incoming request: PUT /todo/update/692eb39af30a8626e4526e81 at 2025-12-19T08:33:10.879Z
Incoming request: GET /todo/list at 2025-12-19T08:33:14.561Z
Incoming request: GET /label/list at 2025-12-19T08:33:14.565Z
Incoming request: GET /label/list at 2025-12-19T08:33:14.628Z
Incoming request: GET /todo/list at 2025-12-19T08:33:14.699Z
Incoming request: PUT /todo/update/692eb39af30a8626e4526e81 at 2025-12-19T08:33:23.356Z
Incoming request: GET /todo/list at 2025-12-19T08:33:29.335Z
Incoming request: GET /label/list at 2025-12-19T08:33:29.347Z
Incoming request: GET /todo/list at 2025-12-19T08:33:31.582Z
Incoming request: GET /label/list at 2025-12-19T08:33:31.882Z
Incoming request: PUT /todo/update/692d8bd21d00f6a73b4d64b6 at 2025-12-19T08:33:50.657Z
Incoming request: PUT /todo/update/692d8bb31d00f6a73b4d64b4 at 2025-12-19T08:33:54.925Z
Incoming request: GET /todo/list at 2025-12-19T08:33:55.156Z
Incoming request: PUT /todo/update/69368cf2aa8491303760e4f1 at 2025-12-19T08:34:15.651Z
Incoming request: GET /todo/list at 2025-12-19T08:35:44.992Z
Incoming request: GET /label/list at 2025-12-19T08:35:44.996Z
Incoming request: PUT /todo/update/692eb39af30a8626e4526e81 at 2025-12-19T08:35:59.234Z
Incoming request: GET /todo/list at 2025-12-19T08:35:59.551Z
Incoming request: PUT /todo/update/692eb39af30a8626e4526e81 at 2025-12-19T08:36:03.721Z
Incoming request: GET /todo/list at 2025-12-19T08:36:03.984Z
Incoming request: PUT /todo/update/692edbb40c1b11ffaaf535c0 at 2025-12-19T08:36:11.175Z
Incoming request: GET /todo/list at 2025-12-19T08:36:11.409Z
Incoming request: PUT /todo/update/6945062c086859ee25e8e589 at 2025-12-19T08:36:16.574Z
Incoming request: GET /todo/list at 2025-12-19T08:36:16.744Z
Incoming request: PUT /todo/update/692d719f2a8597307e7c4481 at 2025-12-19T08:37:18.704Z
Incoming request: GET /todo/list at 2025-12-19T08:37:18.871Z
Incoming request: GET /user/me at 2025-12-19T08:37:24.951Z
Incoming request: GET /user/me at 2025-12-19T08:37:25.057Z
Incoming request: PUT /user/update at 2025-12-19T08:37:39.342Z
Incoming request: GET /todo/list at 2025-12-19T08:37:42.500Z
Incoming request: GET /label/list at 2025-12-19T08:37:42.505Z
Incoming request: GET /label/list at 2025-12-19T08:37:42.576Z
Incoming request: GET /todo/list at 2025-12-19T08:37:42.660Z
Incoming request: GET /user/me at 2025-12-19T08:37:44.428Z
Incoming request: GET /user/me at 2025-12-19T08:37:44.495Z
Incoming request: POST /user/login at 2025-12-19T17:52:15.094Z
Incoming request: GET /todo/list at 2025-12-19T17:52:15.573Z
Incoming request: GET /label/list at 2025-12-19T17:52:15.593Z
Incoming request: GET /label/list at 2025-12-19T17:52:15.686Z
Incoming request: GET /todo/list at 2025-12-19T17:52:15.740Z
Incoming request: PUT /todo/update/692d719f2a8597307e7c4481 at 2025-12-19T17:52:44.971Z
Incoming request: GET /todo/list at 2025-12-19T17:52:45.169Z
Incoming request: GET /user/me at 2025-12-19T17:52:52.772Z
Incoming request: GET /user/me at 2025-12-19T17:52:52.837Z
Incoming request: GET /user/me at 2025-12-19T17:53:09.134Z
Incoming request: GET /user/me at 2025-12-19T17:53:09.205Z
Incoming request: GET /todo/list at 2025-12-19T17:54:03.588Z
Incoming request: GET /label/list at 2025-12-19T17:54:03.601Z
Incoming request: GET /label/list at 2025-12-19T17:54:03.668Z
Incoming request: GET /todo/list at 2025-12-19T17:54:03.731Z
Incoming request: GET /user/me at 2025-12-19T17:54:10.844Z
Incoming request: GET /user/me at 2025-12-19T17:54:10.914Z
Incoming request: GET /todo/list at 2025-12-19T17:54:39.456Z
Incoming request: GET /label/list at 2025-12-19T17:54:39.463Z
Incoming request: GET /label/list at 2025-12-19T17:54:39.531Z
Incoming request: GET /todo/list at 2025-12-19T17:54:39.606Z
Incoming request: GET /todo/list at 2025-12-19T17:54:53.665Z
Incoming request: GET /label/list at 2025-12-19T17:54:53.677Z
Incoming request: GET /label/list at 2025-12-19T17:54:53.749Z
Incoming request: GET /todo/list at 2025-12-19T17:54:53.829Z
Incoming request: GET /todo/list at 2025-12-19T17:55:04.810Z
Incoming request: GET /label/list at 2025-12-19T17:55:04.817Z
Incoming request: GET /label/list at 2025-12-19T17:55:04.889Z
Incoming request: GET /todo/list at 2025-12-19T17:55:04.948Z
Incoming request: GET /todo/list at 2025-12-19T17:55:10.879Z
Incoming request: GET /label/list at 2025-12-19T17:55:10.890Z
Incoming request: GET /label/list at 2025-12-19T17:55:10.950Z
Incoming request: GET /todo/list at 2025-12-19T17:55:11.010Z
Incoming request: POST /user/login at 2025-12-19T18:07:47.318Z
Incoming request: GET /todo/list at 2025-12-19T18:07:47.656Z
Incoming request: GET /label/list at 2025-12-19T18:07:47.673Z
Incoming request: GET /label/list at 2025-12-19T18:07:47.771Z
Incoming request: GET /todo/list at 2025-12-19T18:07:47.814Z
Incoming request: GET /user/me at 2025-12-19T18:08:07.459Z
Incoming request: GET /user/me at 2025-12-19T18:08:07.554Z
Incoming request: PUT /todo/update/6945062c086859ee25e8e589 at 2025-12-19T18:08:36.527Z
Incoming request: GET /todo/list at 2025-12-19T18:08:36.730Z
Incoming request: PUT /todo/update/69368cf2aa8491303760e4f1 at 2025-12-19T18:08:41.219Z
Incoming request: GET /todo/list at 2025-12-19T18:08:41.433Z
Incoming request: PUT /todo/update/69368cf2aa8491303760e4f1 at 2025-12-19T18:09:02.028Z
Incoming request: GET /todo/list at 2025-12-19T18:09:02.355Z
Incoming request: PUT /todo/update/69368cf2aa8491303760e4f1 at 2025-12-19T18:09:18.200Z
Incoming request: GET /todo/list at 2025-12-19T18:09:18.428Z
Incoming request: PUT /todo/update/6945062c086859ee25e8e589 at 2025-12-19T18:13:52.933Z
Incoming request: GET /todo/list at 2025-12-19T18:13:53.116Z
Incoming request: PUT /todo/update/68c0121e03e6a6043ecef791 at 2025-12-19T18:14:48.527Z
Incoming request: GET /todo/list at 2025-12-19T18:14:48.695Z
Incoming request: GET /todo/list at 2025-12-19T18:14:53.453Z
Incoming request: GET /label/list at 2025-12-19T18:14:53.460Z
Incoming request: GET /label/list at 2025-12-19T18:14:53.522Z
Incoming request: GET /todo/list at 2025-12-19T18:14:53.575Z
Incoming request: PUT /todo/update/68c0121e03e6a6043ecef791 at 2025-12-19T18:17:28.301Z
Incoming request: GET /todo/list at 2025-12-19T18:17:28.539Z
Incoming request: PUT /todo/update/68c0121e03e6a6043ecef791 at 2025-12-19T18:17:39.993Z
Incoming request: GET /todo/list at 2025-12-19T18:17:40.556Z
Incoming request: GET /todo/list at 2025-12-19T18:20:23.299Z
Incoming request: GET /label/list at 2025-12-19T18:20:23.306Z
Incoming request: GET /label/list at 2025-12-19T18:20:23.776Z
Incoming request: GET /todo/list at 2025-12-19T18:20:24.142Z
Incoming request: PUT /todo/update/692edbb40c1b11ffaaf535c0 at 2025-12-19T18:22:43.664Z
Incoming request: GET /todo/list at 2025-12-19T18:22:44.880Z
Incoming request: PUT /todo/update/68c0121e03e6a6043ecef791 at 2025-12-19T18:23:15.756Z
Incoming request: GET /todo/list at 2025-12-19T18:23:16.989Z
Incoming request: GET /user/me at 2025-12-19T18:23:26.108Z
Incoming request: GET /user/me at 2025-12-19T18:23:26.756Z
Incoming request: PUT /todo/update/69368cf2aa8491303760e4f1 at 2025-12-19T18:27:00.145Z
Incoming request: GET /todo/list at 2025-12-19T18:27:01.036Z
Incoming request: PUT /todo/update/69368cf2aa8491303760e4f1 at 2025-12-19T18:27:28.426Z
Incoming request: GET /todo/list at 2025-12-19T18:27:28.659Z
Incoming request: PUT /todo/update/69368cf2aa8491303760e4f1 at 2025-12-19T18:27:30.803Z
Incoming request: GET /todo/list at 2025-12-19T18:27:31.004Z
Incoming request: PUT /todo/update/69368cf2aa8491303760e4f1 at 2025-12-19T18:28:15.814Z
Incoming request: GET /todo/list at 2025-12-19T18:28:16.301Z
Incoming request: PUT /todo/update/692edbb40c1b11ffaaf535c0 at 2025-12-19T18:30:55.159Z
Incoming request: GET /todo/list at 2025-12-19T18:30:55.384Z
Incoming request: PUT /todo/update/69368cf2aa8491303760e4f1 at 2025-12-19T18:31:06.183Z
Incoming request: GET /todo/list at 2025-12-19T18:31:06.375Z
Incoming request: PUT /todo/update/69368cf2aa8491303760e4f1 at 2025-12-19T18:31:14.619Z
Incoming request: GET /todo/list at 2025-12-19T18:31:14.908Z
Incoming request: PUT /todo/update/69368cf2aa8491303760e4f1 at 2025-12-19T18:31:22.174Z
Incoming request: GET /todo/list at 2025-12-19T18:31:22.386Z
Incoming request: GET /todo/list at 2025-12-19T18:32:27.872Z
Incoming request: GET /label/list at 2025-12-19T18:32:27.877Z
Incoming request: GET /label/list at 2025-12-19T18:32:27.945Z
Incoming request: GET /todo/list at 2025-12-19T18:32:27.994Z
Incoming request: PUT /todo/update/68c0121e03e6a6043ecef791 at 2025-12-19T18:35:26.829Z
Incoming request: GET /todo/list at 2025-12-19T18:35:26.935Z
Incoming request: PUT /todo/update/692d719f2a8597307e7c4481 at 2025-12-19T18:35:32.545Z
Incoming request: GET /todo/list at 2025-12-19T18:35:32.662Z
Incoming request: PUT /todo/update/692d719f2a8597307e7c4481 at 2025-12-19T18:35:36.441Z
Incoming request: GET /todo/list at 2025-12-19T18:35:36.549Z
Incoming request: PUT /todo/update/692d719f2a8597307e7c4481 at 2025-12-19T18:38:44.184Z
Incoming request: GET /todo/list at 2025-12-19T18:38:44.298Z
Incoming request: PUT /todo/update/692d719f2a8597307e7c4481 at 2025-12-19T18:43:35.940Z
Incoming request: GET /todo/list at 2025-12-19T18:43:36.068Z
Incoming request: PUT /todo/update/692d719f2a8597307e7c4481 at 2025-12-19T18:43:40.295Z
Incoming request: GET /todo/list at 2025-12-19T18:43:40.423Z
Incoming request: PUT /todo/update/692d719f2a8597307e7c4481 at 2025-12-19T18:44:25.836Z
Incoming request: GET /todo/list at 2025-12-19T18:44:25.954Z
Incoming request: PUT /todo/update/692d719f2a8597307e7c4481 at 2025-12-19T18:44:31.710Z
Incoming request: GET /todo/list at 2025-12-19T18:44:31.823Z
Incoming request: PUT /todo/update/692d719f2a8597307e7c4481 at 2025-12-19T18:44:34.560Z
Incoming request: GET /todo/list at 2025-12-19T18:44:34.670Z
Incoming request: PUT /todo/update/68c0121e03e6a6043ecef791 at 2025-12-19T18:44:40.590Z
Incoming request: GET /todo/list at 2025-12-19T18:44:40.736Z
Incoming request: PUT /todo/update/68c0121e03e6a6043ecef791 at 2025-12-19T18:44:46.920Z
Incoming request: GET /todo/list at 2025-12-19T18:44:47.033Z
Incoming request: PUT /todo/update/68c0121e03e6a6043ecef791 at 2025-12-19T18:45:50.388Z
Incoming request: GET /todo/list at 2025-12-19T18:45:50.530Z
Incoming request: PUT /todo/update/68c0121e03e6a6043ecef791 at 2025-12-19T18:45:54.111Z
Incoming request: GET /todo/list at 2025-12-19T18:45:54.224Z
Incoming request: PUT /todo/update/68c0121e03e6a6043ecef791 at 2025-12-19T18:45:56.794Z
Incoming request: GET /todo/list at 2025-12-19T18:45:56.915Z
Incoming request: PUT /todo/update/6945062c086859ee25e8e589 at 2025-12-19T18:46:07.525Z
Incoming request: GET /todo/list at 2025-12-19T18:46:07.644Z
Incoming request: PUT /todo/update/68c0121e03e6a6043ecef791 at 2025-12-19T18:54:28.608Z
Incoming request: GET /todo/list at 2025-12-19T18:54:28.713Z
Incoming request: PUT /todo/update/6945062c086859ee25e8e589 at 2025-12-19T18:56:24.511Z
Incoming request: GET /todo/list at 2025-12-19T18:56:24.633Z
Incoming request: POST /user/register at 2025-12-21T10:01:08.526Z
Incoming request: POST /user/login at 2025-12-21T10:01:08.559Z
Incoming request: POST /user/onboard at 2025-12-21T10:01:49.394Z
Incoming request: POST /user/login at 2025-12-21T10:01:49.702Z
Incoming request: POST /todo/create at 2025-12-21T10:01:50.034Z
Incoming request: POST /user/onboard at 2025-12-21T10:02:14.178Z
Incoming request: POST /user/login at 2025-12-21T10:02:14.452Z
Incoming request: POST /todo/create at 2025-12-21T10:02:14.618Z
Incoming request: PUT /todo/update/6947c5a64217b264169a3505 at 2025-12-21T10:02:14.775Z
Incoming request: POST /user/login at 2025-12-21T10:09:35.722Z
Incoming request: PUT /todo/update/69368cf2aa8491303760e4f1 at 2025-12-21T10:09:48.436Z
Incoming request: PUT /todo/update/69368cf2aa8491303760e4f1 at 2025-12-21T10:10:04.294Z
Incoming request: PUT /todo/update/69368cf2aa8491303760e4f1 at 2025-12-21T10:10:53.054Z
Incoming request: PUT /todo/update/69368cf2aa8491303760e4f1 at 2025-12-21T10:12:09.437Z
Incoming request: POST /user/onboard at 2025-12-21T10:13:00.970Z
Incoming request: POST /user/login at 2025-12-21T10:13:01.295Z
Incoming request: POST /todo/create at 2025-12-21T10:13:01.449Z
Incoming request: POST /todo/create at 2025-12-21T10:13:01.602Z
Incoming request: PUT /todo/update/69368cf2aa8491303760e4f1 at 2025-12-21T10:13:13.267Z
Incoming request: PUT /todo/update/69368cf2aa8491303760e4f1 at 2025-12-21T10:14:18.970Z
Incoming request: PUT /todo/update/69368cf2aa8491303760e4f1 at 2025-12-21T10:16:56.789Z
Incoming request: POST /user/login at 2025-12-21T10:21:45.608Z
Incoming request: GET /todo/list at 2025-12-21T10:21:45.886Z
Incoming request: GET /label/list at 2025-12-21T10:21:45.899Z
Incoming request: GET /label/list at 2025-12-21T10:21:46.004Z
Incoming request: GET /todo/list at 2025-12-21T10:21:46.089Z
Incoming request: GET /user/me at 2025-12-21T10:22:19.700Z
Incoming request: GET /user/me at 2025-12-21T10:22:19.811Z
Incoming request: PUT /todo/update/692edbb40c1b11ffaaf535c0 at 2025-12-21T10:22:38.975Z
Incoming request: GET /todo/list at 2025-12-21T10:22:39.259Z
Incoming request: PUT /todo/update/692edbb40c1b11ffaaf535c0 at 2025-12-21T10:22:42.684Z
Incoming request: GET /todo/list at 2025-12-21T10:22:42.897Z
Incoming request: GET /todo/list at 2025-12-21T10:22:49.125Z
Incoming request: GET /label/list at 2025-12-21T10:22:49.137Z
Incoming request: GET /label/list at 2025-12-21T10:22:49.249Z
Incoming request: GET /todo/list at 2025-12-21T10:22:49.328Z
Incoming request: GET /todo/list at 2025-12-21T10:24:04.095Z
Incoming request: GET /label/list at 2025-12-21T10:24:04.101Z
Incoming request: GET /label/list at 2025-12-21T10:24:04.208Z
Incoming request: GET /todo/list at 2025-12-21T10:24:04.290Z
Incoming request: PUT /todo/update/692d719f2a8597307e7c4481 at 2025-12-21T10:24:13.833Z
Incoming request: GET /todo/list at 2025-12-21T10:24:14.051Z
Incoming request: PUT /todo/update/692d719f2a8597307e7c4481 at 2025-12-21T10:24:27.665Z
Incoming request: GET /todo/list at 2025-12-21T10:24:27.860Z
Incoming request: POST /user/login at 2025-12-21T10:27:27.589Z
Incoming request: GET /todo/list at 2025-12-21T10:27:27.837Z
Incoming request: GET /label/list at 2025-12-21T10:27:27.849Z
Incoming request: GET /label/list at 2025-12-21T10:27:27.924Z
Incoming request: GET /todo/list at 2025-12-21T10:27:28.028Z
Incoming request: GET /todo/list at 2025-12-21T10:32:15.536Z
Incoming request: GET /label/list at 2025-12-21T10:32:15.541Z
Incoming request: GET /todo/list at 2025-12-21T10:33:12.100Z
Incoming request: GET /label/list at 2025-12-21T10:33:12.110Z
Incoming request: GET /label/list at 2025-12-21T10:33:12.227Z
Incoming request: GET /todo/list at 2025-12-21T10:33:12.324Z
Incoming request: PUT /todo/update/692d719f2a8597307e7c4481 at 2025-12-21T10:33:27.328Z
Incoming request: PUT /todo/update/69368cf2aa8491303760e4f1 at 2025-12-21T10:33:39.654Z
Incoming request: PUT /todo/update/69368cf2aa8491303760e4f1 at 2025-12-21T10:34:08.124Z
Incoming request: PUT /todo/update/69368cf2aa8491303760e4f1 at 2025-12-21T10:34:31.450Z
Incoming request: GET /todo/list at 2025-12-21T10:34:31.932Z
Incoming request: PUT /todo/update/69368cf2aa8491303760e4f1 at 2025-12-21T10:34:34.607Z
Incoming request: GET /todo/list at 2025-12-21T10:34:34.898Z
Incoming request: PUT /todo/update/69368cf2aa8491303760e4f1 at 2025-12-21T10:34:45.176Z
Incoming request: PUT /todo/update/69368cf2aa8491303760e4f1 at 2025-12-21T10:34:48.679Z
Incoming request: GET /todo/list at 2025-12-21T10:34:49.093Z
Incoming request: GET /todo/list at 2025-12-21T10:39:25.212Z
Incoming request: GET /label/list at 2025-12-21T10:39:25.246Z
Incoming request: GET /label/list at 2025-12-21T10:39:25.358Z
Incoming request: GET /todo/list at 2025-12-21T10:39:25.428Z
Incoming request: GET /todo/list at 2025-12-21T10:39:59.090Z
Incoming request: GET /todo/list at 2025-12-21T10:41:16.293Z
Incoming request: GET /label/list at 2025-12-21T10:45:14.747Z
Incoming request: GET /todo/list at 2025-12-21T10:45:14.752Z
Incoming request: GET /label/list at 2025-12-21T10:45:14.850Z
Incoming request: GET /todo/list at 2025-12-21T10:45:14.925Z
Incoming request: PUT /todo/update/692d8bd21d00f6a73b4d64b6 at 2025-12-21T10:45:26.636Z
Incoming request: PUT /todo/update/692d8bd21d00f6a73b4d64b6 at 2025-12-21T10:45:34.815Z
Incoming request: GET /todo/list at 2025-12-21T10:47:18.451Z
Incoming request: GET /label/list at 2025-12-21T10:47:18.454Z
Incoming request: GET /todo/list at 2025-12-21T10:47:58.399Z
Incoming request: GET /todo/list at 2025-12-21T10:48:51.769Z
Incoming request: GET /label/list at 2025-12-21T10:48:51.777Z
Incoming request: GET /label/list at 2025-12-21T10:48:51.843Z
Incoming request: GET /todo/list at 2025-12-21T10:48:51.994Z
Incoming request: PUT /todo/update/692d8bd21d00f6a73b4d64b6 at 2025-12-21T10:49:26.683Z
Incoming request: GET /todo/list at 2025-12-21T10:49:26.981Z
Incoming request: PUT /todo/update/692d8bd21d00f6a73b4d64b6 at 2025-12-21T10:49:33.227Z
Incoming request: GET /todo/list at 2025-12-21T10:49:33.543Z
Incoming request: GET /todo/list at 2025-12-21T10:49:44.504Z
Incoming request: PUT /todo/update/68c0121e03e6a6043ecef791 at 2025-12-21T10:50:07.092Z
Incoming request: GET /todo/list at 2025-12-21T10:50:07.383Z
Incoming request: PUT /todo/update/692d8bd21d00f6a73b4d64b6 at 2025-12-21T10:50:32.333Z
Incoming request: PUT /todo/update/692d8bd21d00f6a73b4d64b6 at 2025-12-21T10:50:57.597Z
Incoming request: PUT /todo/update/692d8bd21d00f6a73b4d64b6 at 2025-12-21T10:51:00.245Z
Incoming request: GET /todo/list at 2025-12-21T10:51:00.421Z
Incoming request: PUT /todo/update/692d8bd21d00f6a73b4d64b6 at 2025-12-21T10:52:41.231Z
Incoming request: PUT /todo/update/692d8bd21d00f6a73b4d64b6 at 2025-12-21T15:31:03.932Z
Incoming request: GET /todo/list at 2025-12-21T15:33:31.207Z
Incoming request: GET /label/list at 2025-12-21T15:33:31.221Z
Incoming request: GET /todo/list at 2025-12-21T15:33:31.229Z
Incoming request: GET /label/list at 2025-12-21T15:33:31.242Z
Incoming request: POST /user/login at 2025-12-21T15:33:44.750Z
Incoming request: GET /todo/list at 2025-12-21T15:33:45.026Z
Incoming request: GET /label/list at 2025-12-21T15:33:45.041Z
Incoming request: GET /todo/list at 2025-12-21T15:33:45.156Z
Incoming request: GET /label/list at 2025-12-21T15:33:45.164Z
Incoming request: PUT /todo/update/692d8bd21d00f6a73b4d64b6 at 2025-12-21T15:33:58.724Z
Incoming request: GET /todo/list at 2025-12-21T15:33:59.042Z
Incoming request: PUT /todo/update/68c0121e03e6a6043ecef791 at 2025-12-21T15:45:45.550Z
Incoming request: GET /todo/list at 2025-12-21T15:45:45.744Z
Incoming request: PUT /todo/update/692d8bd21d00f6a73b4d64b6 at 2025-12-21T15:46:10.921Z
Incoming request: GET /todo/list at 2025-12-21T15:46:11.107Z
Incoming request: PUT /todo/update/692d8bd21d00f6a73b4d64b6 at 2025-12-21T15:46:14.087Z
Incoming request: GET /todo/list at 2025-12-21T15:46:14.254Z
Incoming request: POST /user/login at 2025-12-21T17:07:07.388Z
Incoming request: GET /todo/list at 2025-12-21T17:07:08.383Z
Incoming request: GET /label/list at 2025-12-21T17:07:08.394Z
Incoming request: GET /todo/list at 2025-12-21T17:07:08.500Z
Incoming request: GET /label/list at 2025-12-21T17:07:08.920Z
Incoming request: PUT /todo/update/692d8bd21d00f6a73b4d64b6 at 2025-12-21T17:07:25.928Z
Incoming request: GET /todo/list at 2025-12-21T17:07:26.131Z
Incoming request: PUT /todo/update/692d8bd21d00f6a73b4d64b6 at 2025-12-21T17:07:41.481Z
Incoming request: GET /todo/list at 2025-12-21T17:07:41.700Z
Incoming request: POST /user/login at 2025-12-22T04:57:39.593Z
Incoming request: GET /todo/list at 2025-12-22T04:57:39.862Z
Incoming request: GET /label/list at 2025-12-22T04:57:39.872Z
Incoming request: GET /todo/list at 2025-12-22T04:57:39.951Z
Incoming request: GET /label/list at 2025-12-22T04:57:39.956Z
Incoming request: GET /todo/list at 2025-12-22T05:04:00.128Z
Incoming request: GET /label/list at 2025-12-22T05:04:00.132Z
Incoming request: GET /todo/list at 2025-12-22T05:14:23.902Z
Incoming request: GET /label/list at 2025-12-22T05:14:23.908Z
Incoming request: GET /todo/list at 2025-12-22T05:14:24.017Z
Incoming request: GET /label/list at 2025-12-22T05:14:24.027Z
Incoming request: PUT /todo/update/68c0121e03e6a6043ecef791 at 2025-12-22T05:14:56.141Z
Incoming request: GET /todo/list at 2025-12-22T05:14:56.312Z
Incoming request: GET /user/me at 2025-12-22T05:15:19.088Z
Incoming request: GET /user/me at 2025-12-22T05:15:19.180Z
Incoming request: GET /user/me at 2025-12-22T05:15:31.427Z
Incoming request: GET /user/me at 2025-12-22T05:15:31.499Z
Incoming request: GET /todo/list at 2025-12-22T05:23:59.694Z
Incoming request: GET /label/list at 2025-12-22T05:23:59.701Z
Incoming request: GET /todo/list at 2025-12-22T05:23:59.761Z
Incoming request: GET /label/list at 2025-12-22T05:23:59.766Z
Incoming request: GET /user/me at 2025-12-22T05:24:08.517Z
Incoming request: GET /user/me at 2025-12-22T05:24:08.600Z
Incoming request: GET /todo/list at 2025-12-22T05:27:06.898Z
Incoming request: GET /label/list at 2025-12-22T05:27:06.901Z
Incoming request: GET /todo/list at 2025-12-22T05:27:15.902Z
Incoming request: GET /label/list at 2025-12-22T05:27:15.905Z
Incoming request: GET /todo/list at 2025-12-22T05:33:41.268Z
Incoming request: GET /label/list at 2025-12-22T05:33:41.280Z
Incoming request: GET /todo/list at 2025-12-22T05:33:41.365Z
Incoming request: GET /label/list at 2025-12-22T05:33:41.369Z
